[2026-03-02T06:06:36.759901+00:00] start job=2b67d2f500e448e2b05d5bf84c20a760 cmd=/Users/adibakbar/Software_Development/nas/venv/bin/python pipeline.py --input /Users/adibakbar/Software_Development/nas/data/uploads/2b67d2f500e448e2b05d5bf84c20a760/Sample Data.xlsx --source-type excel --config config/config.json --success /Users/adibakbar/Software_Development/nas/output/uploads/2b67d2f500e448e2b05d5bf84c20a760/cleaned --failed /Users/adibakbar/Software_Development/nas/output/uploads/2b67d2f500e448e2b05d5bf84c20a760/failed --checkpoint-root /Users/adibakbar/Software_Development/nas/output/uploads/2b67d2f500e448e2b05d5bf84c20a760/checkpoints --resume --resume-failed-only
WARNING: Using incubator modules: jdk.incubator.vector
Using Spark's default log4j profile: org/apache/spark/log4j2-defaults.properties
Setting default log level to "WARN".
To adjust logging level use sc.setLogLevel(newLevel). For SparkR, use setLogLevel(newLevel).
26/03/02 14:06:38 WARN NativeCodeLoader: Unable to load native-hadoop library for your platform... using builtin-java classes where applicable
PIPELINE_STAGE:extract
PIPELINE_STAGE:clean
26/03/02 14:07:00 WARN SparkStringUtils: Truncated the string representation of a plan since it was too large. This behavior can be adjusted by setting 'spark.sql.debug.maxToStringFields'.
26/03/02 14:07:00 ERROR Executor: Exception in task 0.0 in stage 38.0 (TID 48)
org.apache.spark.SparkException: [FAILED_READ_FILE.FILE_NOT_EXIST] Encountered error while reading file file:///Users/adibakbar/Software_Development/nas/output/uploads/2b67d2f500e448e2b05d5bf84c20a760/checkpoints/90_record_status/part-00000-1b271f94-f81e-4ae4-9867-458754535762-c000.snappy.parquet. File does not exist. It is possible the underlying files have been updated.
You can explicitly invalidate the cache in Spark by running 'REFRESH TABLE tableName' command in SQL or by recreating the Dataset/DataFrame involved. SQLSTATE: KD001
	at org.apache.spark.sql.errors.QueryExecutionErrors$.fileNotExistError(QueryExecutionErrors.scala:873)
	at org.apache.spark.sql.execution.datasources.v2.FileDataSourceV2$.attachFilePath(FileDataSourceV2.scala:140)
	at org.apache.spark.sql.execution.datasources.FileScanRDD$$anon$1.hasNext(FileScanRDD.scala:141)
	at org.apache.spark.sql.execution.FileSourceScanExec$$anon$1.hasNext(DataSourceScanExec.scala:773)
	at org.apache.spark.sql.catalyst.expressions.GeneratedClass$GeneratedIteratorForCodegenStage1.columnartorow_nextBatch_0$(Unknown Source)
	at org.apache.spark.sql.catalyst.expressions.GeneratedClass$GeneratedIteratorForCodegenStage1.hashAgg_doAggregateWithKeys_0$(Unknown Source)
	at org.apache.spark.sql.catalyst.expressions.GeneratedClass$GeneratedIteratorForCodegenStage1.processNext(Unknown Source)
	at org.apache.spark.sql.execution.BufferedRowIterator.hasNext(BufferedRowIterator.java:43)
	at org.apache.spark.sql.execution.WholeStageCodegenEvaluatorFactory$WholeStageCodegenPartitionEvaluator$$anon$1.hasNext(WholeStageCodegenEvaluatorFactory.scala:50)
	at scala.collection.Iterator$$anon$9.hasNext(Iterator.scala:593)
	at org.apache.spark.shuffle.sort.BypassMergeSortShuffleWriter.write(BypassMergeSortShuffleWriter.java:153)
	at org.apache.spark.shuffle.ShuffleWriteProcessor.write(ShuffleWriteProcessor.scala:57)
	at org.apache.spark.scheduler.ShuffleMapTask.runTask(ShuffleMapTask.scala:111)
	at org.apache.spark.scheduler.ShuffleMapTask.runTask(ShuffleMapTask.scala:54)
	at org.apache.spark.TaskContext.runTaskWithListeners(TaskContext.scala:180)
	at org.apache.spark.scheduler.Task.run(Task.scala:147)
	at org.apache.spark.executor.Executor$TaskRunner.$anonfun$run$5(Executor.scala:716)
	at org.apache.spark.util.SparkErrorUtils.tryWithSafeFinally(SparkErrorUtils.scala:86)
	at org.apache.spark.util.SparkErrorUtils.tryWithSafeFinally$(SparkErrorUtils.scala:83)
	at org.apache.spark.util.Utils$.tryWithSafeFinally(Utils.scala:97)
	at org.apache.spark.executor.Executor$TaskRunner.run(Executor.scala:719)
	at java.base/java.util.concurrent.ThreadPoolExecutor.runWorker(ThreadPoolExecutor.java:1136)
	at java.base/java.util.concurrent.ThreadPoolExecutor$Worker.run(ThreadPoolExecutor.java:635)
	at java.base/java.lang.Thread.run(Thread.java:840)
Caused by: java.io.FileNotFoundException: File file:/Users/adibakbar/Software_Development/nas/output/uploads/2b67d2f500e448e2b05d5bf84c20a760/checkpoints/90_record_status/part-00000-1b271f94-f81e-4ae4-9867-458754535762-c000.snappy.parquet does not exist
	at org.apache.hadoop.fs.RawLocalFileSystem.deprecatedGetFileStatus(RawLocalFileSystem.java:980)
	at org.apache.hadoop.fs.RawLocalFileSystem.getFileLinkStatusInternal(RawLocalFileSystem.java:1301)
	at org.apache.hadoop.fs.RawLocalFileSystem.getFileStatus(RawLocalFileSystem.java:970)
	at org.apache.hadoop.fs.FilterFileSystem.getFileStatus(FilterFileSystem.java:462)
	at org.apache.parquet.hadoop.util.HadoopInputFile.fromPath(HadoopInputFile.java:61)
	at org.apache.spark.sql.execution.datasources.parquet.ParquetFooterReader.openFileAndReadFooter(ParquetFooterReader.java:100)
	at org.apache.spark.sql.execution.datasources.parquet.ParquetFileFormat.$anonfun$buildReaderWithPartitionValues$2(ParquetFileFormat.scala:225)
	at org.apache.spark.sql.execution.datasources.FileScanRDD$$anon$1.org$apache$spark$sql$execution$datasources$FileScanRDD$$anon$$readCurrentFile(FileScanRDD.scala:229)
	at org.apache.spark.sql.execution.datasources.FileScanRDD$$anon$1.nextIterator(FileScanRDD.scala:289)
	at org.apache.spark.sql.execution.datasources.FileScanRDD$$anon$1.hasNext0(FileScanRDD.scala:130)
	at org.apache.spark.sql.execution.datasources.FileScanRDD$$anon$1.hasNext(FileScanRDD.scala:139)
	... 21 more
26/03/02 14:07:00 WARN TaskSetManager: Lost task 0.0 in stage 38.0 (TID 48) (localhost executor driver): org.apache.spark.SparkException: [FAILED_READ_FILE.FILE_NOT_EXIST] Encountered error while reading file file:///Users/adibakbar/Software_Development/nas/output/uploads/2b67d2f500e448e2b05d5bf84c20a760/checkpoints/90_record_status/part-00000-1b271f94-f81e-4ae4-9867-458754535762-c000.snappy.parquet. File does not exist. It is possible the underlying files have been updated.
You can explicitly invalidate the cache in Spark by running 'REFRESH TABLE tableName' command in SQL or by recreating the Dataset/DataFrame involved. SQLSTATE: KD001
	at org.apache.spark.sql.errors.QueryExecutionErrors$.fileNotExistError(QueryExecutionErrors.scala:873)
	at org.apache.spark.sql.execution.datasources.v2.FileDataSourceV2$.attachFilePath(FileDataSourceV2.scala:140)
	at org.apache.spark.sql.execution.datasources.FileScanRDD$$anon$1.hasNext(FileScanRDD.scala:141)
	at org.apache.spark.sql.execution.FileSourceScanExec$$anon$1.hasNext(DataSourceScanExec.scala:773)
	at org.apache.spark.sql.catalyst.expressions.GeneratedClass$GeneratedIteratorForCodegenStage1.columnartorow_nextBatch_0$(Unknown Source)
	at org.apache.spark.sql.catalyst.expressions.GeneratedClass$GeneratedIteratorForCodegenStage1.hashAgg_doAggregateWithKeys_0$(Unknown Source)
	at org.apache.spark.sql.catalyst.expressions.GeneratedClass$GeneratedIteratorForCodegenStage1.processNext(Unknown Source)
	at org.apache.spark.sql.execution.BufferedRowIterator.hasNext(BufferedRowIterator.java:43)
	at org.apache.spark.sql.execution.WholeStageCodegenEvaluatorFactory$WholeStageCodegenPartitionEvaluator$$anon$1.hasNext(WholeStageCodegenEvaluatorFactory.scala:50)
	at scala.collection.Iterator$$anon$9.hasNext(Iterator.scala:593)
	at org.apache.spark.shuffle.sort.BypassMergeSortShuffleWriter.write(BypassMergeSortShuffleWriter.java:153)
	at org.apache.spark.shuffle.ShuffleWriteProcessor.write(ShuffleWriteProcessor.scala:57)
	at org.apache.spark.scheduler.ShuffleMapTask.runTask(ShuffleMapTask.scala:111)
	at org.apache.spark.scheduler.ShuffleMapTask.runTask(ShuffleMapTask.scala:54)
	at org.apache.spark.TaskContext.runTaskWithListeners(TaskContext.scala:180)
	at org.apache.spark.scheduler.Task.run(Task.scala:147)
	at org.apache.spark.executor.Executor$TaskRunner.$anonfun$run$5(Executor.scala:716)
	at org.apache.spark.util.SparkErrorUtils.tryWithSafeFinally(SparkErrorUtils.scala:86)
	at org.apache.spark.util.SparkErrorUtils.tryWithSafeFinally$(SparkErrorUtils.scala:83)
	at org.apache.spark.util.Utils$.tryWithSafeFinally(Utils.scala:97)
	at org.apache.spark.executor.Executor$TaskRunner.run(Executor.scala:719)
	at java.base/java.util.concurrent.ThreadPoolExecutor.runWorker(ThreadPoolExecutor.java:1136)
	at java.base/java.util.concurrent.ThreadPoolExecutor$Worker.run(ThreadPoolExecutor.java:635)
	at java.base/java.lang.Thread.run(Thread.java:840)
Caused by: java.io.FileNotFoundException: File file:/Users/adibakbar/Software_Development/nas/output/uploads/2b67d2f500e448e2b05d5bf84c20a760/checkpoints/90_record_status/part-00000-1b271f94-f81e-4ae4-9867-458754535762-c000.snappy.parquet does not exist
	at org.apache.hadoop.fs.RawLocalFileSystem.deprecatedGetFileStatus(RawLocalFileSystem.java:980)
	at org.apache.hadoop.fs.RawLocalFileSystem.getFileLinkStatusInternal(RawLocalFileSystem.java:1301)
	at org.apache.hadoop.fs.RawLocalFileSystem.getFileStatus(RawLocalFileSystem.java:970)
	at org.apache.hadoop.fs.FilterFileSystem.getFileStatus(FilterFileSystem.java:462)
	at org.apache.parquet.hadoop.util.HadoopInputFile.fromPath(HadoopInputFile.java:61)
	at org.apache.spark.sql.execution.datasources.parquet.ParquetFooterReader.openFileAndReadFooter(ParquetFooterReader.java:100)
	at org.apache.spark.sql.execution.datasources.parquet.ParquetFileFormat.$anonfun$buildReaderWithPartitionValues$2(ParquetFileFormat.scala:225)
	at org.apache.spark.sql.execution.datasources.FileScanRDD$$anon$1.org$apache$spark$sql$execution$datasources$FileScanRDD$$anon$$readCurrentFile(FileScanRDD.scala:229)
	at org.apache.spark.sql.execution.datasources.FileScanRDD$$anon$1.nextIterator(FileScanRDD.scala:289)
	at org.apache.spark.sql.execution.datasources.FileScanRDD$$anon$1.hasNext0(FileScanRDD.scala:130)
	at org.apache.spark.sql.execution.datasources.FileScanRDD$$anon$1.hasNext(FileScanRDD.scala:139)
	... 21 more

26/03/02 14:07:00 ERROR TaskSetManager: Task 0 in stage 38.0 failed 1 times; aborting job
26/03/02 14:07:00 WARN TaskSetManager: Lost task 0.0 in stage 41.0 (TID 51) (localhost executor driver): TaskKilled (Stage cancelled: [SPARK_JOB_CANCELLED] Job 29 cancelled The corresponding SQL query has failed. SQLSTATE: XXKDA)
26/03/02 14:07:00 WARN TaskSetManager: Lost task 1.0 in stage 41.0 (TID 52) (localhost executor driver): TaskKilled (Stage cancelled: [SPARK_JOB_CANCELLED] Job 29 cancelled The corresponding SQL query has failed. SQLSTATE: XXKDA)
26/03/02 14:07:00 WARN TaskSetManager: Lost task 0.0 in stage 40.0 (TID 50) (localhost executor driver): TaskKilled (Stage cancelled: [SPARK_JOB_CANCELLED] Job 28 cancelled The corresponding SQL query has failed. SQLSTATE: XXKDA)
26/03/02 14:07:00 WARN TaskSetManager: Lost task 0.0 in stage 45.0 (TID 56) (localhost executor driver): TaskKilled (Stage cancelled: [SPARK_JOB_CANCELLED] Job 33 cancelled The corresponding SQL query has failed. SQLSTATE: XXKDA)
26/03/02 14:07:00 WARN TaskSetManager: Lost task 0.0 in stage 43.0 (TID 54) (localhost executor driver): TaskKilled (Stage cancelled: [SPARK_JOB_CANCELLED] Job 31 cancelled The corresponding SQL query has failed. SQLSTATE: XXKDA)
26/03/02 14:07:00 WARN TaskSetManager: Lost task 0.0 in stage 46.0 (TID 57) (localhost executor driver): TaskKilled (Stage cancelled: [SPARK_JOB_CANCELLED] Job 34 cancelled The corresponding SQL query has failed. SQLSTATE: XXKDA)
26/03/02 14:07:01 WARN TaskSetManager: Lost task 0.0 in stage 42.0 (TID 53) (localhost executor driver): TaskKilled (Stage cancelled: [SPARK_JOB_CANCELLED] Job 30 cancelled The corresponding SQL query has failed. SQLSTATE: XXKDA)
26/03/02 14:07:01 WARN TaskSetManager: Lost task 0.0 in stage 44.0 (TID 55) (localhost executor driver): TaskKilled (Stage cancelled: [SPARK_JOB_CANCELLED] Job 32 cancelled The corresponding SQL query has failed. SQLSTATE: XXKDA)
Warning: Postcode boundary mapping skipped due to Sedona/shapefile issue: 'JavaPackage' object is not callable
Warning: Admin boundary mapping skipped due to Sedona/shapefile issue: 'JavaPackage' object is not callable
Traceback (most recent call last):
  File "/Users/adibakbar/Software_Development/nas/pipeline.py", line 5, in <module>
    main()
  File "/Users/adibakbar/Software_Development/nas/etl/pipeline.py", line 280, in main
    _write_stage_df(df_clean, stage_clean)
  File "/Users/adibakbar/Software_Development/nas/etl/pipeline.py", line 48, in _write_stage_df
    load_parquet(df, stage_path, mode="overwrite")
  File "/Users/adibakbar/Software_Development/nas/etl/load.py", line 20, in load_parquet
    writer.parquet(output_path)
  File "/Users/adibakbar/Software_Development/nas/venv/lib/python3.11/site-packages/pyspark/sql/readwriter.py", line 2003, in parquet
    self._jwrite.parquet(path)
  File "/Users/adibakbar/Software_Development/nas/venv/lib/python3.11/site-packages/py4j/java_gateway.py", line 1362, in __call__
    return_value = get_return_value(
                   ^^^^^^^^^^^^^^^^^
  File "/Users/adibakbar/Software_Development/nas/venv/lib/python3.11/site-packages/pyspark/errors/exceptions/captured.py", line 263, in deco
    return f(*a, **kw)
           ^^^^^^^^^^^
  File "/Users/adibakbar/Software_Development/nas/venv/lib/python3.11/site-packages/py4j/protocol.py", line 327, in get_return_value
    raise Py4JJavaError(
py4j.protocol.Py4JJavaError: An error occurred while calling o4200.parquet.
: org.apache.spark.SparkException: [STAGE_MATERIALIZATION_MULTIPLE_FAILURES] Multiple failures (2) in stage materialization: 
  1. SparkException: [FAILED_READ_FILE.FILE_NOT_EXIST] Encountered error while reading file file:///Users/adibakbar/Software_Development/nas/output/uploads/2b67d2f500e448e2b05d5bf84c20a760/checkpoints/90_record_status/part-00000-1b271f94-f81e-4ae4-9867-458754535762-c000.snappy.parquet. File does not exist. It is possible the underlying files have been updated.
You can explicitly invalidate the cache in Spark by running 'REFRESH TABLE tableName' command in SQL or by recreating the Dataset/DataFrame involved. SQLSTATE: KD001
  2. SparkException: [FAILED_READ_FILE.FILE_NOT_EXIST] Encountered error while reading file file:///Users/adibakbar/Software_Development/nas/output/uploads/2b67d2f500e448e2b05d5bf84c20a760/checkpoints/90_record_status/part-00000-1b271f94-f81e-4ae4-9867-458754535762-c000.snappy.parquet. File does not exist. It is possible the underlying files have been updated.
You can explicitly invalidate the cache in Spark by running 'REFRESH TABLE tableName' command in SQL or by recreating the Dataset/DataFrame involved. SQLSTATE: KD001 SQLSTATE: XX000
	at org.apache.spark.sql.errors.QueryExecutionErrors$.multiFailuresInStageMaterializationError(QueryExecutionErrors.scala:2003)
	at org.apache.spark.sql.execution.adaptive.AdaptiveSparkPlanExec.cleanUpAndThrowException(AdaptiveSparkPlanExec.scala:900)
	at org.apache.spark.sql.execution.adaptive.AdaptiveSparkPlanExec.$anonfun$withFinalPlanUpdate$1(AdaptiveSparkPlanExec.scala:341)
	at scala.runtime.java8.JFunction0$mcV$sp.apply(JFunction0$mcV$sp.scala:18)
	at org.apache.spark.sql.SparkSession.withActive(SparkSession.scala:804)
	at org.apache.spark.sql.execution.adaptive.AdaptiveSparkPlanExec.withFinalPlanUpdate(AdaptiveSparkPlanExec.scala:273)
	at org.apache.spark.sql.execution.adaptive.AdaptiveSparkPlanExec.executeCollect(AdaptiveSparkPlanExec.scala:396)
	at org.apache.spark.sql.execution.QueryExecution.$anonfun$eagerlyExecuteCommands$2(QueryExecution.scala:185)
	at org.apache.spark.sql.execution.SQLExecution$.$anonfun$withNewExecutionId0$8(SQLExecution.scala:177)
	at org.apache.spark.sql.execution.SQLExecution$.withSessionTagsApplied(SQLExecution.scala:285)
	at org.apache.spark.sql.execution.SQLExecution$.$anonfun$withNewExecutionId0$7(SQLExecution.scala:139)
	at org.apache.spark.JobArtifactSet$.withActiveJobArtifactState(JobArtifactSet.scala:94)
	at org.apache.spark.sql.artifact.ArtifactManager.$anonfun$withResources$1(ArtifactManager.scala:112)
	at org.apache.spark.sql.artifact.ArtifactManager.withClassLoaderIfNeeded(ArtifactManager.scala:106)
	at org.apache.spark.sql.artifact.ArtifactManager.withResources(ArtifactManager.scala:111)
	at org.apache.spark.sql.execution.SQLExecution$.$anonfun$withNewExecutionId0$6(SQLExecution.scala:139)
	at org.apache.spark.sql.execution.SQLExecution$.withSQLConfPropagated(SQLExecution.scala:308)
	at org.apache.spark.sql.execution.SQLExecution$.$anonfun$withNewExecutionId0$1(SQLExecution.scala:138)
	at org.apache.spark.sql.SparkSession.withActive(SparkSession.scala:804)
	at org.apache.spark.sql.execution.SQLExecution$.withNewExecutionId0(SQLExecution.scala:92)
	at org.apache.spark.sql.execution.SQLExecution$.withNewExecutionId(SQLExecution.scala:250)
	at org.apache.spark.sql.execution.QueryExecution.$anonfun$eagerlyExecuteCommands$1(QueryExecution.scala:185)
	at org.apache.spark.sql.execution.QueryExecution$.withInternalError(QueryExecution.scala:717)
	at org.apache.spark.sql.execution.QueryExecution.org$apache$spark$sql$execution$QueryExecution$$eagerlyExecute$1(QueryExecution.scala:184)
	at org.apache.spark.sql.execution.QueryExecution$$anonfun$eagerlyExecuteCommands$3.applyOrElse(QueryExecution.scala:201)
	at org.apache.spark.sql.execution.QueryExecution$$anonfun$eagerlyExecuteCommands$3.applyOrElse(QueryExecution.scala:194)
	at org.apache.spark.sql.catalyst.trees.TreeNode.$anonfun$transformDownWithPruning$1(TreeNode.scala:491)
	at org.apache.spark.sql.catalyst.trees.CurrentOrigin$.withOrigin(origin.scala:107)
	at org.apache.spark.sql.catalyst.trees.TreeNode.transformDownWithPruning(TreeNode.scala:491)
	at org.apache.spark.sql.catalyst.plans.logical.LogicalPlan.org$apache$spark$sql$catalyst$plans$logical$AnalysisHelper$$super$transformDownWithPruning(LogicalPlan.scala:37)
	at org.apache.spark.sql.catalyst.plans.logical.AnalysisHelper.transformDownWithPruning(AnalysisHelper.scala:360)
	at org.apache.spark.sql.catalyst.plans.logical.AnalysisHelper.transformDownWithPruning$(AnalysisHelper.scala:356)
	at org.apache.spark.sql.catalyst.plans.logical.LogicalPlan.transformDownWithPruning(LogicalPlan.scala:37)
	at org.apache.spark.sql.catalyst.plans.logical.LogicalPlan.transformDownWithPruning(LogicalPlan.scala:37)
	at org.apache.spark.sql.catalyst.trees.TreeNode.transformDown(TreeNode.scala:467)
	at org.apache.spark.sql.execution.QueryExecution.eagerlyExecuteCommands(QueryExecution.scala:194)
	at org.apache.spark.sql.execution.QueryExecution.$anonfun$lazyCommandExecuted$1(QueryExecution.scala:155)
	at scala.util.Try$.apply(Try.scala:217)
	at org.apache.spark.util.Utils$.doTryWithCallerStacktrace(Utils.scala:1392)
	at org.apache.spark.util.Utils$.getTryWithCallerStacktrace(Utils.scala:1453)
	at org.apache.spark.util.LazyTry.get(LazyTry.scala:58)
	at org.apache.spark.sql.execution.QueryExecution.commandExecuted(QueryExecution.scala:160)
	at org.apache.spark.sql.execution.QueryExecution.assertCommandExecuted(QueryExecution.scala:239)
	at org.apache.spark.sql.classic.DataFrameWriter.runCommand(DataFrameWriter.scala:592)
	at org.apache.spark.sql.classic.DataFrameWriter.save(DataFrameWriter.scala:115)
	at org.apache.spark.sql.DataFrameWriter.parquet(DataFrameWriter.scala:369)
	at java.base/jdk.internal.reflect.NativeMethodAccessorImpl.invoke0(Native Method)
	at java.base/jdk.internal.reflect.NativeMethodAccessorImpl.invoke(NativeMethodAccessorImpl.java:77)
	at java.base/jdk.internal.reflect.DelegatingMethodAccessorImpl.invoke(DelegatingMethodAccessorImpl.java:43)
	at java.base/java.lang.reflect.Method.invoke(Method.java:569)
	at py4j.reflection.MethodInvoker.invoke(MethodInvoker.java:244)
	at py4j.reflection.ReflectionEngine.invoke(ReflectionEngine.java:374)
	at py4j.Gateway.invoke(Gateway.java:282)
	at py4j.commands.AbstractCommand.invokeMethod(AbstractCommand.java:132)
	at py4j.commands.CallCommand.execute(CallCommand.java:79)
	at py4j.ClientServerConnection.waitForCommands(ClientServerConnection.java:184)
	at py4j.ClientServerConnection.run(ClientServerConnection.java:108)
	at java.base/java.lang.Thread.run(Thread.java:840)
	Suppressed: org.apache.spark.SparkException: [FAILED_READ_FILE.FILE_NOT_EXIST] Encountered error while reading file file:///Users/adibakbar/Software_Development/nas/output/uploads/2b67d2f500e448e2b05d5bf84c20a760/checkpoints/90_record_status/part-00000-1b271f94-f81e-4ae4-9867-458754535762-c000.snappy.parquet. File does not exist. It is possible the underlying files have been updated.
You can explicitly invalidate the cache in Spark by running 'REFRESH TABLE tableName' command in SQL or by recreating the Dataset/DataFrame involved. SQLSTATE: KD001
		at org.apache.spark.sql.errors.QueryExecutionErrors$.fileNotExistError(QueryExecutionErrors.scala:873)
		at org.apache.spark.sql.execution.datasources.v2.FileDataSourceV2$.attachFilePath(FileDataSourceV2.scala:140)
		at org.apache.spark.sql.execution.datasources.FileScanRDD$$anon$1.hasNext(FileScanRDD.scala:141)
		at org.apache.spark.sql.execution.FileSourceScanExec$$anon$1.hasNext(DataSourceScanExec.scala:773)
		at org.apache.spark.sql.catalyst.expressions.GeneratedClass$GeneratedIteratorForCodegenStage1.columnartorow_nextBatch_0$(Unknown Source)
		at org.apache.spark.sql.catalyst.expressions.GeneratedClass$GeneratedIteratorForCodegenStage1.hashAgg_doAggregateWithKeys_0$(Unknown Source)
		at org.apache.spark.sql.catalyst.expressions.GeneratedClass$GeneratedIteratorForCodegenStage1.processNext(Unknown Source)
		at org.apache.spark.sql.execution.BufferedRowIterator.hasNext(BufferedRowIterator.java:43)
		at org.apache.spark.sql.execution.WholeStageCodegenEvaluatorFactory$WholeStageCodegenPartitionEvaluator$$anon$1.hasNext(WholeStageCodegenEvaluatorFactory.scala:50)
		at scala.collection.Iterator$$anon$9.hasNext(Iterator.scala:593)
		at org.apache.spark.shuffle.sort.BypassMergeSortShuffleWriter.write(BypassMergeSortShuffleWriter.java:153)
		at org.apache.spark.shuffle.ShuffleWriteProcessor.write(ShuffleWriteProcessor.scala:57)
		at org.apache.spark.scheduler.ShuffleMapTask.runTask(ShuffleMapTask.scala:111)
		at org.apache.spark.scheduler.ShuffleMapTask.runTask(ShuffleMapTask.scala:54)
		at org.apache.spark.TaskContext.runTaskWithListeners(TaskContext.scala:180)
		at org.apache.spark.scheduler.Task.run(Task.scala:147)
		at org.apache.spark.executor.Executor$TaskRunner.$anonfun$run$5(Executor.scala:716)
		at org.apache.spark.util.SparkErrorUtils.tryWithSafeFinally(SparkErrorUtils.scala:86)
		at org.apache.spark.util.SparkErrorUtils.tryWithSafeFinally$(SparkErrorUtils.scala:83)
		at org.apache.spark.util.Utils$.tryWithSafeFinally(Utils.scala:97)
		at org.apache.spark.executor.Executor$TaskRunner.run(Executor.scala:719)
		at java.base/java.util.concurrent.ThreadPoolExecutor.runWorker(ThreadPoolExecutor.java:1136)
		at java.base/java.util.concurrent.ThreadPoolExecutor$Worker.run(ThreadPoolExecutor.java:635)
		... 1 more
	Caused by: java.io.FileNotFoundException: File file:/Users/adibakbar/Software_Development/nas/output/uploads/2b67d2f500e448e2b05d5bf84c20a760/checkpoints/90_record_status/part-00000-1b271f94-f81e-4ae4-9867-458754535762-c000.snappy.parquet does not exist
		at org.apache.hadoop.fs.RawLocalFileSystem.deprecatedGetFileStatus(RawLocalFileSystem.java:980)
		at org.apache.hadoop.fs.RawLocalFileSystem.getFileLinkStatusInternal(RawLocalFileSystem.java:1301)
		at org.apache.hadoop.fs.RawLocalFileSystem.getFileStatus(RawLocalFileSystem.java:970)
		at org.apache.hadoop.fs.FilterFileSystem.getFileStatus(FilterFileSystem.java:462)
		at org.apache.parquet.hadoop.util.HadoopInputFile.fromPath(HadoopInputFile.java:61)
		at org.apache.spark.sql.execution.datasources.parquet.ParquetFooterReader.openFileAndReadFooter(ParquetFooterReader.java:100)
		at org.apache.spark.sql.execution.datasources.parquet.ParquetFileFormat.$anonfun$buildReaderWithPartitionValues$2(ParquetFileFormat.scala:225)
		at org.apache.spark.sql.execution.datasources.FileScanRDD$$anon$1.org$apache$spark$sql$execution$datasources$FileScanRDD$$anon$$readCurrentFile(FileScanRDD.scala:229)
		at org.apache.spark.sql.execution.datasources.FileScanRDD$$anon$1.nextIterator(FileScanRDD.scala:289)
		at org.apache.spark.sql.execution.datasources.FileScanRDD$$anon$1.hasNext0(FileScanRDD.scala:130)
		at org.apache.spark.sql.execution.datasources.FileScanRDD$$anon$1.hasNext(FileScanRDD.scala:139)
		... 21 more
	Suppressed: org.apache.spark.util.Utils$OriginalTryStackTraceException: Full stacktrace of original doTryWithCallerStacktrace caller
		at org.apache.spark.sql.errors.QueryExecutionErrors$.multiFailuresInStageMaterializationError(QueryExecutionErrors.scala:2003)
		at org.apache.spark.sql.execution.adaptive.AdaptiveSparkPlanExec.cleanUpAndThrowException(AdaptiveSparkPlanExec.scala:900)
		at org.apache.spark.sql.execution.adaptive.AdaptiveSparkPlanExec.$anonfun$withFinalPlanUpdate$1(AdaptiveSparkPlanExec.scala:341)
		at scala.runtime.java8.JFunction0$mcV$sp.apply(JFunction0$mcV$sp.scala:18)
		at org.apache.spark.sql.SparkSession.withActive(SparkSession.scala:804)
		at org.apache.spark.sql.execution.adaptive.AdaptiveSparkPlanExec.withFinalPlanUpdate(AdaptiveSparkPlanExec.scala:273)
		at org.apache.spark.sql.execution.adaptive.AdaptiveSparkPlanExec.executeCollect(AdaptiveSparkPlanExec.scala:396)
		at org.apache.spark.sql.execution.QueryExecution.$anonfun$eagerlyExecuteCommands$2(QueryExecution.scala:185)
		at org.apache.spark.sql.execution.SQLExecution$.$anonfun$withNewExecutionId0$8(SQLExecution.scala:177)
		at org.apache.spark.sql.execution.SQLExecution$.withSessionTagsApplied(SQLExecution.scala:285)
		at org.apache.spark.sql.execution.SQLExecution$.$anonfun$withNewExecutionId0$7(SQLExecution.scala:139)
		at org.apache.spark.JobArtifactSet$.withActiveJobArtifactState(JobArtifactSet.scala:94)
		at org.apache.spark.sql.artifact.ArtifactManager.$anonfun$withResources$1(ArtifactManager.scala:112)
		at org.apache.spark.sql.artifact.ArtifactManager.withClassLoaderIfNeeded(ArtifactManager.scala:106)
		at org.apache.spark.sql.artifact.ArtifactManager.withResources(ArtifactManager.scala:111)
		at org.apache.spark.sql.execution.SQLExecution$.$anonfun$withNewExecutionId0$6(SQLExecution.scala:139)
		at org.apache.spark.sql.execution.SQLExecution$.withSQLConfPropagated(SQLExecution.scala:308)
		at org.apache.spark.sql.execution.SQLExecution$.$anonfun$withNewExecutionId0$1(SQLExecution.scala:138)
		at org.apache.spark.sql.SparkSession.withActive(SparkSession.scala:804)
		at org.apache.spark.sql.execution.SQLExecution$.withNewExecutionId0(SQLExecution.scala:92)
		at org.apache.spark.sql.execution.SQLExecution$.withNewExecutionId(SQLExecution.scala:250)
		at org.apache.spark.sql.execution.QueryExecution.$anonfun$eagerlyExecuteCommands$1(QueryExecution.scala:185)
		at org.apache.spark.sql.execution.QueryExecution$.withInternalError(QueryExecution.scala:717)
		at org.apache.spark.sql.execution.QueryExecution.org$apache$spark$sql$execution$QueryExecution$$eagerlyExecute$1(QueryExecution.scala:184)
		at org.apache.spark.sql.execution.QueryExecution$$anonfun$eagerlyExecuteCommands$3.applyOrElse(QueryExecution.scala:201)
		at org.apache.spark.sql.execution.QueryExecution$$anonfun$eagerlyExecuteCommands$3.applyOrElse(QueryExecution.scala:194)
		at org.apache.spark.sql.catalyst.trees.TreeNode.$anonfun$transformDownWithPruning$1(TreeNode.scala:491)
		at org.apache.spark.sql.catalyst.trees.CurrentOrigin$.withOrigin(origin.scala:107)
		at org.apache.spark.sql.catalyst.trees.TreeNode.transformDownWithPruning(TreeNode.scala:491)
		at org.apache.spark.sql.catalyst.plans.logical.LogicalPlan.org$apache$spark$sql$catalyst$plans$logical$AnalysisHelper$$super$transformDownWithPruning(LogicalPlan.scala:37)
		at org.apache.spark.sql.catalyst.plans.logical.AnalysisHelper.transformDownWithPruning(AnalysisHelper.scala:360)
		at org.apache.spark.sql.catalyst.plans.logical.AnalysisHelper.transformDownWithPruning$(AnalysisHelper.scala:356)
		at org.apache.spark.sql.catalyst.plans.logical.LogicalPlan.transformDownWithPruning(LogicalPlan.scala:37)
		at org.apache.spark.sql.catalyst.plans.logical.LogicalPlan.transformDownWithPruning(LogicalPlan.scala:37)
		at org.apache.spark.sql.catalyst.trees.TreeNode.transformDown(TreeNode.scala:467)
		at org.apache.spark.sql.execution.QueryExecution.eagerlyExecuteCommands(QueryExecution.scala:194)
		at org.apache.spark.sql.execution.QueryExecution.$anonfun$lazyCommandExecuted$1(QueryExecution.scala:155)
		at scala.util.Try$.apply(Try.scala:217)
		at org.apache.spark.util.Utils$.doTryWithCallerStacktrace(Utils.scala:1392)
		at org.apache.spark.util.LazyTry.tryT$lzycompute(LazyTry.scala:46)
		at org.apache.spark.util.LazyTry.tryT(LazyTry.scala:46)
		... 18 more
Caused by: [CIRCULAR REFERENCE: org.apache.spark.SparkException: [FAILED_READ_FILE.FILE_NOT_EXIST] Encountered error while reading file file:///Users/adibakbar/Software_Development/nas/output/uploads/2b67d2f500e448e2b05d5bf84c20a760/checkpoints/90_record_status/part-00000-1b271f94-f81e-4ae4-9867-458754535762-c000.snappy.parquet. File does not exist. It is possible the underlying files have been updated.
You can explicitly invalidate the cache in Spark by running 'REFRESH TABLE tableName' command in SQL or by recreating the Dataset/DataFrame involved. SQLSTATE: KD001]

[2026-03-02T06:07:01.982574+00:00] end job=2b67d2f500e448e2b05d5bf84c20a760 exit_code=1
