[2026-03-02T06:23:44.909517+00:00] start job=612fed2fc62c4849924da344da35ee1e cmd=/Users/adibakbar/Software_Development/nas/venv/bin/python pipeline.py --input /Users/adibakbar/Software_Development/nas/data/uploads/612fed2fc62c4849924da344da35ee1e/Sample Data.xlsx --source-type excel --config config/config.json --success /Users/adibakbar/Software_Development/nas/output/uploads/612fed2fc62c4849924da344da35ee1e/cleaned --failed /Users/adibakbar/Software_Development/nas/output/uploads/612fed2fc62c4849924da344da35ee1e/failed --checkpoint-root /Users/adibakbar/Software_Development/nas/output/uploads/612fed2fc62c4849924da344da35ee1e/checkpoints
WARNING: Using incubator modules: jdk.incubator.vector
:: loading settings :: url = jar:file:/Users/adibakbar/Software_Development/nas/venv/lib/python3.11/site-packages/pyspark/jars/ivy-2.5.3.jar!/org/apache/ivy/core/settings/ivysettings.xml
Ivy Default Cache set to: /Users/adibakbar/.ivy2.5.2/cache
The jars for the packages stored in: /Users/adibakbar/.ivy2.5.2/jars
org.apache.sedona#sedona-spark-shaded-4.0_2.13 added as a dependency
org.datasyslab#geotools-wrapper added as a dependency
:: resolving dependencies :: org.apache.spark#spark-submit-parent-a72d932e-4e3a-4180-ab38-c7f50a93664a;1.0
	confs: [default]
	found org.apache.sedona#sedona-spark-shaded-4.0_2.13;1.8.1 in central
	found org.datasyslab#geotools-wrapper;1.8.1-33.1 in central
:: resolution report :: resolve 87ms :: artifacts dl 2ms
	:: modules in use:
	org.apache.sedona#sedona-spark-shaded-4.0_2.13;1.8.1 from central in [default]
	org.datasyslab#geotools-wrapper;1.8.1-33.1 from central in [default]
	---------------------------------------------------------------------
	|                  |            modules            ||   artifacts   |
	|       conf       | number| search|dwnlded|evicted|| number|dwnlded|
	---------------------------------------------------------------------
	|      default     |   2   |   0   |   0   |   0   ||   2   |   0   |
	---------------------------------------------------------------------
:: retrieving :: org.apache.spark#spark-submit-parent-a72d932e-4e3a-4180-ab38-c7f50a93664a
	confs: [default]
	0 artifacts copied, 2 already retrieved (0kB/3ms)
26/03/02 14:23:46 WARN NativeCodeLoader: Unable to load native-hadoop library for your platform... using builtin-java classes where applicable
Using Spark's default log4j profile: org/apache/spark/log4j2-defaults.properties
Setting default log level to "WARN".
To adjust logging level use sc.setLogLevel(newLevel). For SparkR, use setLogLevel(newLevel).
PIPELINE_STAGE:extract
26/03/02 14:23:53 WARN SparkStringUtils: Truncated the string representation of a plan since it was too large. This behavior can be adjusted by setting 'spark.sql.debug.maxToStringFields'.

[Stage 0:>                                                          (0 + 8) / 8]

                                                                                
PIPELINE_STAGE:clean
26/03/02 14:24:02 WARN Catalog: GEO stats functions are not available due to Spark/DBR compatibility issues.
java.lang.NoClassDefFoundError: org/apache/spark/sql/catalyst/expressions/FoldableUnevaluable
	at java.base/java.lang.Class.getDeclaredConstructors0(Native Method)
	at java.base/java.lang.Class.privateGetDeclaredConstructors(Class.java:3375)
	at java.base/java.lang.Class.getConstructor0(Class.java:3580)
	at java.base/java.lang.Class.getConstructor(Class.java:2273)
	at org.apache.sedona.sql.UDF.AbstractCatalog.function(AbstractCatalog.scala:42)
	at org.apache.sedona.sql.UDF.Catalog$.geoStatsFunctions(Catalog.scala:368)
	at org.apache.sedona.sql.UDF.Catalog$.<clinit>(Catalog.scala:357)
	at org.apache.sedona.spark.SedonaContext$.create(SedonaContext.scala:118)
	at org.apache.sedona.sql.utils.SedonaSQLRegistrator$.registerAll(SedonaSQLRegistrator.scala:44)
	at org.apache.sedona.sql.utils.SedonaSQLRegistrator$.registerAll(SedonaSQLRegistrator.scala:35)
	at org.apache.sedona.sql.utils.SedonaSQLRegistrator.registerAll(SedonaSQLRegistrator.scala)
	at java.base/jdk.internal.reflect.NativeMethodAccessorImpl.invoke0(Native Method)
	at java.base/jdk.internal.reflect.NativeMethodAccessorImpl.invoke(NativeMethodAccessorImpl.java:77)
	at java.base/jdk.internal.reflect.DelegatingMethodAccessorImpl.invoke(DelegatingMethodAccessorImpl.java:43)
	at java.base/java.lang.reflect.Method.invoke(Method.java:569)
	at py4j.reflection.MethodInvoker.invoke(MethodInvoker.java:244)
	at py4j.reflection.ReflectionEngine.invoke(ReflectionEngine.java:374)
	at py4j.Gateway.invoke(Gateway.java:282)
	at py4j.commands.AbstractCommand.invokeMethod(AbstractCommand.java:132)
	at py4j.commands.CallCommand.execute(CallCommand.java:79)
	at py4j.ClientServerConnection.waitForCommands(ClientServerConnection.java:184)
	at py4j.ClientServerConnection.run(ClientServerConnection.java:108)
	at java.base/java.lang.Thread.run(Thread.java:840)
Caused by: java.lang.ClassNotFoundException: org.apache.spark.sql.catalyst.expressions.FoldableUnevaluable
	at java.base/java.net.URLClassLoader.findClass(URLClassLoader.java:445)
	at java.base/java.lang.ClassLoader.loadClass(ClassLoader.java:592)
	at java.base/java.lang.ClassLoader.loadClass(ClassLoader.java:525)
	... 23 more
26/03/02 14:24:02 WARN SimpleFunctionRegistry: The function st_geogfromwkb replaced a previously registered function.
26/03/02 14:24:02 WARN SimpleFunctionRegistry: The function st_geogfromwkb replaced a previously registered function.
26/03/02 14:24:02 WARN SimpleFunctionRegistry: The function st_geomfromwkb replaced a previously registered function.
26/03/02 14:24:02 WARN SimpleFunctionRegistry: The function st_geomfromwkb replaced a previously registered function.
26/03/02 14:24:02 WARN SimpleFunctionRegistry: The function st_asbinary replaced a previously registered function.
26/03/02 14:24:02 WARN SimpleFunctionRegistry: The function st_asbinary replaced a previously registered function.
26/03/02 14:24:02 WARN SimpleFunctionRegistry: The function st_srid replaced a previously registered function.
26/03/02 14:24:02 WARN SimpleFunctionRegistry: The function st_srid replaced a previously registered function.
26/03/02 14:24:02 WARN SimpleFunctionRegistry: The function st_setsrid replaced a previously registered function.
26/03/02 14:24:02 WARN SimpleFunctionRegistry: The function st_setsrid replaced a previously registered function.
26/03/02 14:24:02 WARN FileStreamSink: Assume no metadata directory. Error while looking for metadata directory in the path: data/boundary/02_Postcode_boundary/Msia_Postcode.???.
java.io.FileNotFoundException: File data/boundary/02_Postcode_boundary/Msia_Postcode.??? does not exist
	at org.apache.hadoop.fs.RawLocalFileSystem.deprecatedGetFileStatus(RawLocalFileSystem.java:980)
	at org.apache.hadoop.fs.RawLocalFileSystem.getFileLinkStatusInternal(RawLocalFileSystem.java:1301)
	at org.apache.hadoop.fs.RawLocalFileSystem.getFileStatus(RawLocalFileSystem.java:970)
	at org.apache.hadoop.fs.FilterFileSystem.getFileStatus(FilterFileSystem.java:462)
	at org.apache.spark.sql.execution.streaming.sinks.FileStreamSink$.hasMetadata(FileStreamSink.scala:58)
	at org.apache.spark.sql.execution.datasources.v2.FileTable.fileIndex$lzycompute(FileTable.scala:52)
	at org.apache.spark.sql.execution.datasources.v2.FileTable.fileIndex(FileTable.scala:48)
	at org.apache.spark.sql.execution.datasources.v2.FileTable.$anonfun$dataSchema$4(FileTable.scala:73)
	at scala.Option.orElse(Option.scala:477)
	at org.apache.spark.sql.execution.datasources.v2.FileTable.dataSchema$lzycompute(FileTable.scala:73)
	at org.apache.spark.sql.execution.datasources.v2.FileTable.dataSchema(FileTable.scala:67)
	at org.apache.spark.sql.execution.datasources.v2.FileTable.schema$lzycompute(FileTable.scala:85)
	at org.apache.spark.sql.execution.datasources.v2.FileTable.schema(FileTable.scala:83)
	at org.apache.spark.sql.connector.catalog.Table.columns(Table.java:79)
	at org.apache.spark.sql.execution.datasources.v2.FileTable.columns(FileTable.scala:39)
	at org.apache.spark.sql.execution.datasources.v2.FileDataSourceV2.inferSchema(FileDataSourceV2.scala:98)
	at org.apache.spark.sql.execution.datasources.v2.FileDataSourceV2.inferSchema$(FileDataSourceV2.scala:95)
	at org.apache.sedona.sql.datasources.shapefile.ShapefileDataSource.inferSchema(ShapefileDataSource.scala:45)
	at org.apache.spark.sql.execution.datasources.v2.DataSourceV2Utils$.getTableFromProvider(DataSourceV2Utils.scala:96)
	at org.apache.spark.sql.execution.datasources.v2.DataSourceV2Utils$.loadV2Source(DataSourceV2Utils.scala:148)
	at org.apache.spark.sql.catalyst.analysis.ResolveDataSource$$anonfun$apply$1.$anonfun$applyOrElse$1(ResolveDataSource.scala:60)
	at scala.Option.flatMap(Option.scala:283)
	at org.apache.spark.sql.catalyst.analysis.ResolveDataSource$$anonfun$apply$1.applyOrElse(ResolveDataSource.scala:58)
	at org.apache.spark.sql.catalyst.analysis.ResolveDataSource$$anonfun$apply$1.applyOrElse(ResolveDataSource.scala:45)
	at org.apache.spark.sql.catalyst.plans.logical.AnalysisHelper.$anonfun$resolveOperatorsUpWithPruning$3(AnalysisHelper.scala:139)
	at org.apache.spark.sql.catalyst.trees.CurrentOrigin$.withOrigin(origin.scala:107)
	at org.apache.spark.sql.catalyst.plans.logical.AnalysisHelper.$anonfun$resolveOperatorsUpWithPruning$1(AnalysisHelper.scala:139)
	at org.apache.spark.sql.catalyst.plans.logical.AnalysisHelper$.allowInvokingTransformsInAnalyzer(AnalysisHelper.scala:416)
	at org.apache.spark.sql.catalyst.plans.logical.AnalysisHelper.resolveOperatorsUpWithPruning(AnalysisHelper.scala:135)
	at org.apache.spark.sql.catalyst.plans.logical.AnalysisHelper.resolveOperatorsUpWithPruning$(AnalysisHelper.scala:131)
	at org.apache.spark.sql.catalyst.plans.logical.LogicalPlan.resolveOperatorsUpWithPruning(LogicalPlan.scala:37)
	at org.apache.spark.sql.catalyst.plans.logical.AnalysisHelper.resolveOperatorsUp(AnalysisHelper.scala:112)
	at org.apache.spark.sql.catalyst.plans.logical.AnalysisHelper.resolveOperatorsUp$(AnalysisHelper.scala:111)
	at org.apache.spark.sql.catalyst.plans.logical.LogicalPlan.resolveOperatorsUp(LogicalPlan.scala:37)
	at org.apache.spark.sql.catalyst.analysis.ResolveDataSource.apply(ResolveDataSource.scala:45)
	at org.apache.spark.sql.catalyst.analysis.ResolveDataSource.apply(ResolveDataSource.scala:43)
	at org.apache.spark.sql.catalyst.rules.RuleExecutor.$anonfun$execute$2(RuleExecutor.scala:248)
	at scala.collection.LinearSeqOps.foldLeft(LinearSeq.scala:183)
	at scala.collection.LinearSeqOps.foldLeft$(LinearSeq.scala:179)
	at scala.collection.immutable.List.foldLeft(List.scala:79)
	at org.apache.spark.sql.catalyst.rules.RuleExecutor.$anonfun$execute$1(RuleExecutor.scala:245)
	at org.apache.spark.sql.catalyst.rules.RuleExecutor.$anonfun$execute$1$adapted(RuleExecutor.scala:237)
	at scala.collection.immutable.List.foreach(List.scala:323)
	at org.apache.spark.sql.catalyst.rules.RuleExecutor.execute(RuleExecutor.scala:237)
	at org.apache.spark.sql.catalyst.analysis.Analyzer.org$apache$spark$sql$catalyst$analysis$Analyzer$$executeSameContext(Analyzer.scala:343)
	at org.apache.spark.sql.catalyst.analysis.Analyzer.$anonfun$execute$1(Analyzer.scala:339)
	at org.apache.spark.sql.catalyst.analysis.AnalysisContext$.withNewAnalysisContext(Analyzer.scala:224)
	at org.apache.spark.sql.catalyst.analysis.Analyzer.execute(Analyzer.scala:339)
	at org.apache.spark.sql.catalyst.analysis.Analyzer.execute(Analyzer.scala:289)
	at org.apache.spark.sql.catalyst.rules.RuleExecutor.$anonfun$executeAndTrack$1(RuleExecutor.scala:207)
	at org.apache.spark.sql.catalyst.QueryPlanningTracker$.withTracker(QueryPlanningTracker.scala:89)
	at org.apache.spark.sql.catalyst.rules.RuleExecutor.executeAndTrack(RuleExecutor.scala:207)
	at org.apache.spark.sql.catalyst.analysis.resolver.HybridAnalyzer.resolveInFixedPoint(HybridAnalyzer.scala:236)
	at org.apache.spark.sql.catalyst.analysis.resolver.HybridAnalyzer.$anonfun$apply$1(HybridAnalyzer.scala:91)
	at org.apache.spark.sql.catalyst.analysis.resolver.HybridAnalyzer.withTrackedAnalyzerBridgeState(HybridAnalyzer.scala:122)
	at org.apache.spark.sql.catalyst.analysis.resolver.HybridAnalyzer.apply(HybridAnalyzer.scala:84)
	at org.apache.spark.sql.catalyst.analysis.Analyzer.$anonfun$executeAndCheck$1(Analyzer.scala:322)
	at org.apache.spark.sql.catalyst.plans.logical.AnalysisHelper$.markInAnalyzer(AnalysisHelper.scala:423)
	at org.apache.spark.sql.catalyst.analysis.Analyzer.executeAndCheck(Analyzer.scala:322)
	at org.apache.spark.sql.execution.QueryExecution.$anonfun$lazyAnalyzed$2(QueryExecution.scala:139)
	at org.apache.spark.sql.catalyst.QueryPlanningTracker.measurePhase(QueryPlanningTracker.scala:148)
	at org.apache.spark.sql.execution.QueryExecution.$anonfun$executePhase$2(QueryExecution.scala:330)
	at org.apache.spark.sql.execution.QueryExecution$.withInternalError(QueryExecution.scala:717)
	at org.apache.spark.sql.execution.QueryExecution.$anonfun$executePhase$1(QueryExecution.scala:330)
	at org.apache.spark.sql.SparkSession.withActive(SparkSession.scala:804)
	at org.apache.spark.sql.execution.QueryExecution.executePhase(QueryExecution.scala:329)
	at org.apache.spark.sql.execution.QueryExecution.$anonfun$lazyAnalyzed$1(QueryExecution.scala:139)
	at scala.util.Try$.apply(Try.scala:217)
	at org.apache.spark.util.Utils$.doTryWithCallerStacktrace(Utils.scala:1392)
	at org.apache.spark.util.LazyTry.tryT$lzycompute(LazyTry.scala:46)
	at org.apache.spark.util.LazyTry.tryT(LazyTry.scala:46)
	at org.apache.spark.util.LazyTry.get(LazyTry.scala:58)
	at org.apache.spark.sql.execution.QueryExecution.analyzed(QueryExecution.scala:150)
	at org.apache.spark.sql.execution.QueryExecution.assertAnalyzed(QueryExecution.scala:90)
	at org.apache.spark.sql.classic.Dataset$.$anonfun$ofRows$1(Dataset.scala:114)
	at org.apache.spark.sql.SparkSession.withActive(SparkSession.scala:804)
	at org.apache.spark.sql.classic.Dataset$.ofRows(Dataset.scala:112)
	at org.apache.spark.sql.classic.DataFrameReader.load(DataFrameReader.scala:108)
	at org.apache.spark.sql.classic.DataFrameReader.load(DataFrameReader.scala:99)
	at java.base/jdk.internal.reflect.NativeMethodAccessorImpl.invoke0(Native Method)
	at java.base/jdk.internal.reflect.NativeMethodAccessorImpl.invoke(NativeMethodAccessorImpl.java:77)
	at java.base/jdk.internal.reflect.DelegatingMethodAccessorImpl.invoke(DelegatingMethodAccessorImpl.java:43)
	at java.base/java.lang.reflect.Method.invoke(Method.java:569)
	at py4j.reflection.MethodInvoker.invoke(MethodInvoker.java:244)
	at py4j.reflection.ReflectionEngine.invoke(ReflectionEngine.java:374)
	at py4j.Gateway.invoke(Gateway.java:282)
	at py4j.commands.AbstractCommand.invokeMethod(AbstractCommand.java:132)
	at py4j.commands.CallCommand.execute(CallCommand.java:79)
	at py4j.ClientServerConnection.waitForCommands(ClientServerConnection.java:184)
	at py4j.ClientServerConnection.run(ClientServerConnection.java:108)
	at java.base/java.lang.Thread.run(Thread.java:840)
26/03/02 14:24:05 WARN UDTRegistration: Cannot register UDT for org.geotools.coverage.grid.GridCoverage2D, which is already registered.
26/03/02 14:24:05 WARN SimpleFunctionRegistry: The function rs_union_aggr replaced a previously registered function.
26/03/02 14:24:05 WARN UDTRegistration: Cannot register UDT for org.locationtech.jts.geom.Geometry, which is already registered.
26/03/02 14:24:05 WARN UDTRegistration: Cannot register UDT for org.apache.sedona.common.S2Geography.Geography, which is already registered.
26/03/02 14:24:05 WARN UDTRegistration: Cannot register UDT for org.locationtech.jts.index.SpatialIndex, which is already registered.
26/03/02 14:24:05 WARN SimpleFunctionRegistry: The function st_envelope_aggr replaced a previously registered function.
26/03/02 14:24:05 WARN SimpleFunctionRegistry: The function st_envelope_aggr replaced a previously registered function.
26/03/02 14:24:05 WARN SimpleFunctionRegistry: The function st_intersection_aggr replaced a previously registered function.
26/03/02 14:24:05 WARN SimpleFunctionRegistry: The function st_intersection_aggr replaced a previously registered function.
26/03/02 14:24:05 WARN SimpleFunctionRegistry: The function st_union_aggr replaced a previously registered function.
26/03/02 14:24:05 WARN SimpleFunctionRegistry: The function st_union_aggr replaced a previously registered function.
26/03/02 14:24:05 WARN SimpleFunctionRegistry: The function st_collect_agg replaced a previously registered function.
26/03/02 14:24:05 WARN SimpleFunctionRegistry: The function st_collect_agg replaced a previously registered function.
26/03/02 14:24:05 WARN SimpleFunctionRegistry: The function st_envelope_agg replaced a previously registered function.
26/03/02 14:24:05 WARN SimpleFunctionRegistry: The function st_envelope_agg replaced a previously registered function.
26/03/02 14:24:05 WARN SimpleFunctionRegistry: The function st_intersection_agg replaced a previously registered function.
26/03/02 14:24:05 WARN SimpleFunctionRegistry: The function st_intersection_agg replaced a previously registered function.
26/03/02 14:24:05 WARN SimpleFunctionRegistry: The function st_union_agg replaced a previously registered function.
26/03/02 14:24:05 WARN SimpleFunctionRegistry: The function st_union_agg replaced a previously registered function.
26/03/02 14:24:05 WARN FileStreamSink: Assume no metadata directory. Error while looking for metadata directory in the path: data/boundary/01_State_boundary/Msia_State_bdy.???.
java.io.FileNotFoundException: File data/boundary/01_State_boundary/Msia_State_bdy.??? does not exist
	at org.apache.hadoop.fs.RawLocalFileSystem.deprecatedGetFileStatus(RawLocalFileSystem.java:980)
	at org.apache.hadoop.fs.RawLocalFileSystem.getFileLinkStatusInternal(RawLocalFileSystem.java:1301)
	at org.apache.hadoop.fs.RawLocalFileSystem.getFileStatus(RawLocalFileSystem.java:970)
	at org.apache.hadoop.fs.FilterFileSystem.getFileStatus(FilterFileSystem.java:462)
	at org.apache.spark.sql.execution.streaming.sinks.FileStreamSink$.hasMetadata(FileStreamSink.scala:58)
	at org.apache.spark.sql.execution.datasources.v2.FileTable.fileIndex$lzycompute(FileTable.scala:52)
	at org.apache.spark.sql.execution.datasources.v2.FileTable.fileIndex(FileTable.scala:48)
	at org.apache.spark.sql.execution.datasources.v2.FileTable.$anonfun$dataSchema$4(FileTable.scala:73)
	at scala.Option.orElse(Option.scala:477)
	at org.apache.spark.sql.execution.datasources.v2.FileTable.dataSchema$lzycompute(FileTable.scala:73)
	at org.apache.spark.sql.execution.datasources.v2.FileTable.dataSchema(FileTable.scala:67)
	at org.apache.spark.sql.execution.datasources.v2.FileTable.schema$lzycompute(FileTable.scala:85)
	at org.apache.spark.sql.execution.datasources.v2.FileTable.schema(FileTable.scala:83)
	at org.apache.spark.sql.connector.catalog.Table.columns(Table.java:79)
	at org.apache.spark.sql.execution.datasources.v2.FileTable.columns(FileTable.scala:39)
	at org.apache.spark.sql.execution.datasources.v2.FileDataSourceV2.inferSchema(FileDataSourceV2.scala:98)
	at org.apache.spark.sql.execution.datasources.v2.FileDataSourceV2.inferSchema$(FileDataSourceV2.scala:95)
	at org.apache.sedona.sql.datasources.shapefile.ShapefileDataSource.inferSchema(ShapefileDataSource.scala:45)
	at org.apache.spark.sql.execution.datasources.v2.DataSourceV2Utils$.getTableFromProvider(DataSourceV2Utils.scala:96)
	at org.apache.spark.sql.execution.datasources.v2.DataSourceV2Utils$.loadV2Source(DataSourceV2Utils.scala:148)
	at org.apache.spark.sql.catalyst.analysis.ResolveDataSource$$anonfun$apply$1.$anonfun$applyOrElse$1(ResolveDataSource.scala:60)
	at scala.Option.flatMap(Option.scala:283)
	at org.apache.spark.sql.catalyst.analysis.ResolveDataSource$$anonfun$apply$1.applyOrElse(ResolveDataSource.scala:58)
	at org.apache.spark.sql.catalyst.analysis.ResolveDataSource$$anonfun$apply$1.applyOrElse(ResolveDataSource.scala:45)
	at org.apache.spark.sql.catalyst.plans.logical.AnalysisHelper.$anonfun$resolveOperatorsUpWithPruning$3(AnalysisHelper.scala:139)
	at org.apache.spark.sql.catalyst.trees.CurrentOrigin$.withOrigin(origin.scala:107)
	at org.apache.spark.sql.catalyst.plans.logical.AnalysisHelper.$anonfun$resolveOperatorsUpWithPruning$1(AnalysisHelper.scala:139)
	at org.apache.spark.sql.catalyst.plans.logical.AnalysisHelper$.allowInvokingTransformsInAnalyzer(AnalysisHelper.scala:416)
	at org.apache.spark.sql.catalyst.plans.logical.AnalysisHelper.resolveOperatorsUpWithPruning(AnalysisHelper.scala:135)
	at org.apache.spark.sql.catalyst.plans.logical.AnalysisHelper.resolveOperatorsUpWithPruning$(AnalysisHelper.scala:131)
	at org.apache.spark.sql.catalyst.plans.logical.LogicalPlan.resolveOperatorsUpWithPruning(LogicalPlan.scala:37)
	at org.apache.spark.sql.catalyst.plans.logical.AnalysisHelper.resolveOperatorsUp(AnalysisHelper.scala:112)
	at org.apache.spark.sql.catalyst.plans.logical.AnalysisHelper.resolveOperatorsUp$(AnalysisHelper.scala:111)
	at org.apache.spark.sql.catalyst.plans.logical.LogicalPlan.resolveOperatorsUp(LogicalPlan.scala:37)
	at org.apache.spark.sql.catalyst.analysis.ResolveDataSource.apply(ResolveDataSource.scala:45)
	at org.apache.spark.sql.catalyst.analysis.ResolveDataSource.apply(ResolveDataSource.scala:43)
	at org.apache.spark.sql.catalyst.rules.RuleExecutor.$anonfun$execute$2(RuleExecutor.scala:248)
	at scala.collection.LinearSeqOps.foldLeft(LinearSeq.scala:183)
	at scala.collection.LinearSeqOps.foldLeft$(LinearSeq.scala:179)
	at scala.collection.immutable.List.foldLeft(List.scala:79)
	at org.apache.spark.sql.catalyst.rules.RuleExecutor.$anonfun$execute$1(RuleExecutor.scala:245)
	at org.apache.spark.sql.catalyst.rules.RuleExecutor.$anonfun$execute$1$adapted(RuleExecutor.scala:237)
	at scala.collection.immutable.List.foreach(List.scala:323)
	at org.apache.spark.sql.catalyst.rules.RuleExecutor.execute(RuleExecutor.scala:237)
	at org.apache.spark.sql.catalyst.analysis.Analyzer.org$apache$spark$sql$catalyst$analysis$Analyzer$$executeSameContext(Analyzer.scala:343)
	at org.apache.spark.sql.catalyst.analysis.Analyzer.$anonfun$execute$1(Analyzer.scala:339)
	at org.apache.spark.sql.catalyst.analysis.AnalysisContext$.withNewAnalysisContext(Analyzer.scala:224)
	at org.apache.spark.sql.catalyst.analysis.Analyzer.execute(Analyzer.scala:339)
	at org.apache.spark.sql.catalyst.analysis.Analyzer.execute(Analyzer.scala:289)
	at org.apache.spark.sql.catalyst.rules.RuleExecutor.$anonfun$executeAndTrack$1(RuleExecutor.scala:207)
	at org.apache.spark.sql.catalyst.QueryPlanningTracker$.withTracker(QueryPlanningTracker.scala:89)
	at org.apache.spark.sql.catalyst.rules.RuleExecutor.executeAndTrack(RuleExecutor.scala:207)
	at org.apache.spark.sql.catalyst.analysis.resolver.HybridAnalyzer.resolveInFixedPoint(HybridAnalyzer.scala:236)
	at org.apache.spark.sql.catalyst.analysis.resolver.HybridAnalyzer.$anonfun$apply$1(HybridAnalyzer.scala:91)
	at org.apache.spark.sql.catalyst.analysis.resolver.HybridAnalyzer.withTrackedAnalyzerBridgeState(HybridAnalyzer.scala:122)
	at org.apache.spark.sql.catalyst.analysis.resolver.HybridAnalyzer.apply(HybridAnalyzer.scala:84)
	at org.apache.spark.sql.catalyst.analysis.Analyzer.$anonfun$executeAndCheck$1(Analyzer.scala:322)
	at org.apache.spark.sql.catalyst.plans.logical.AnalysisHelper$.markInAnalyzer(AnalysisHelper.scala:423)
	at org.apache.spark.sql.catalyst.analysis.Analyzer.executeAndCheck(Analyzer.scala:322)
	at org.apache.spark.sql.execution.QueryExecution.$anonfun$lazyAnalyzed$2(QueryExecution.scala:139)
	at org.apache.spark.sql.catalyst.QueryPlanningTracker.measurePhase(QueryPlanningTracker.scala:148)
	at org.apache.spark.sql.execution.QueryExecution.$anonfun$executePhase$2(QueryExecution.scala:330)
	at org.apache.spark.sql.execution.QueryExecution$.withInternalError(QueryExecution.scala:717)
	at org.apache.spark.sql.execution.QueryExecution.$anonfun$executePhase$1(QueryExecution.scala:330)
	at org.apache.spark.sql.SparkSession.withActive(SparkSession.scala:804)
	at org.apache.spark.sql.execution.QueryExecution.executePhase(QueryExecution.scala:329)
	at org.apache.spark.sql.execution.QueryExecution.$anonfun$lazyAnalyzed$1(QueryExecution.scala:139)
	at scala.util.Try$.apply(Try.scala:217)
	at org.apache.spark.util.Utils$.doTryWithCallerStacktrace(Utils.scala:1392)
	at org.apache.spark.util.LazyTry.tryT$lzycompute(LazyTry.scala:46)
	at org.apache.spark.util.LazyTry.tryT(LazyTry.scala:46)
	at org.apache.spark.util.LazyTry.get(LazyTry.scala:58)
	at org.apache.spark.sql.execution.QueryExecution.analyzed(QueryExecution.scala:150)
	at org.apache.spark.sql.execution.QueryExecution.assertAnalyzed(QueryExecution.scala:90)
	at org.apache.spark.sql.classic.Dataset$.$anonfun$ofRows$1(Dataset.scala:114)
	at org.apache.spark.sql.SparkSession.withActive(SparkSession.scala:804)
	at org.apache.spark.sql.classic.Dataset$.ofRows(Dataset.scala:112)
	at org.apache.spark.sql.classic.DataFrameReader.load(DataFrameReader.scala:108)
	at org.apache.spark.sql.classic.DataFrameReader.load(DataFrameReader.scala:99)
	at java.base/jdk.internal.reflect.NativeMethodAccessorImpl.invoke0(Native Method)
	at java.base/jdk.internal.reflect.NativeMethodAccessorImpl.invoke(NativeMethodAccessorImpl.java:77)
	at java.base/jdk.internal.reflect.DelegatingMethodAccessorImpl.invoke(DelegatingMethodAccessorImpl.java:43)
	at java.base/java.lang.reflect.Method.invoke(Method.java:569)
	at py4j.reflection.MethodInvoker.invoke(MethodInvoker.java:244)
	at py4j.reflection.ReflectionEngine.invoke(ReflectionEngine.java:374)
	at py4j.Gateway.invoke(Gateway.java:282)
	at py4j.commands.AbstractCommand.invokeMethod(AbstractCommand.java:132)
	at py4j.commands.CallCommand.execute(CallCommand.java:79)
	at py4j.ClientServerConnection.waitForCommands(ClientServerConnection.java:184)
	at py4j.ClientServerConnection.run(ClientServerConnection.java:108)
	at java.base/java.lang.Thread.run(Thread.java:840)
26/03/02 14:24:05 WARN FileStreamSink: Assume no metadata directory. Error while looking for metadata directory in the path: data/boundary/03_District_boundary/Msia_District_bdy.???.
java.io.FileNotFoundException: File data/boundary/03_District_boundary/Msia_District_bdy.??? does not exist
	at org.apache.hadoop.fs.RawLocalFileSystem.deprecatedGetFileStatus(RawLocalFileSystem.java:980)
	at org.apache.hadoop.fs.RawLocalFileSystem.getFileLinkStatusInternal(RawLocalFileSystem.java:1301)
	at org.apache.hadoop.fs.RawLocalFileSystem.getFileStatus(RawLocalFileSystem.java:970)
	at org.apache.hadoop.fs.FilterFileSystem.getFileStatus(FilterFileSystem.java:462)
	at org.apache.spark.sql.execution.streaming.sinks.FileStreamSink$.hasMetadata(FileStreamSink.scala:58)
	at org.apache.spark.sql.execution.datasources.v2.FileTable.fileIndex$lzycompute(FileTable.scala:52)
	at org.apache.spark.sql.execution.datasources.v2.FileTable.fileIndex(FileTable.scala:48)
	at org.apache.spark.sql.execution.datasources.v2.FileTable.$anonfun$dataSchema$4(FileTable.scala:73)
	at scala.Option.orElse(Option.scala:477)
	at org.apache.spark.sql.execution.datasources.v2.FileTable.dataSchema$lzycompute(FileTable.scala:73)
	at org.apache.spark.sql.execution.datasources.v2.FileTable.dataSchema(FileTable.scala:67)
	at org.apache.spark.sql.execution.datasources.v2.FileTable.schema$lzycompute(FileTable.scala:85)
	at org.apache.spark.sql.execution.datasources.v2.FileTable.schema(FileTable.scala:83)
	at org.apache.spark.sql.connector.catalog.Table.columns(Table.java:79)
	at org.apache.spark.sql.execution.datasources.v2.FileTable.columns(FileTable.scala:39)
	at org.apache.spark.sql.execution.datasources.v2.FileDataSourceV2.inferSchema(FileDataSourceV2.scala:98)
	at org.apache.spark.sql.execution.datasources.v2.FileDataSourceV2.inferSchema$(FileDataSourceV2.scala:95)
	at org.apache.sedona.sql.datasources.shapefile.ShapefileDataSource.inferSchema(ShapefileDataSource.scala:45)
	at org.apache.spark.sql.execution.datasources.v2.DataSourceV2Utils$.getTableFromProvider(DataSourceV2Utils.scala:96)
	at org.apache.spark.sql.execution.datasources.v2.DataSourceV2Utils$.loadV2Source(DataSourceV2Utils.scala:148)
	at org.apache.spark.sql.catalyst.analysis.ResolveDataSource$$anonfun$apply$1.$anonfun$applyOrElse$1(ResolveDataSource.scala:60)
	at scala.Option.flatMap(Option.scala:283)
	at org.apache.spark.sql.catalyst.analysis.ResolveDataSource$$anonfun$apply$1.applyOrElse(ResolveDataSource.scala:58)
	at org.apache.spark.sql.catalyst.analysis.ResolveDataSource$$anonfun$apply$1.applyOrElse(ResolveDataSource.scala:45)
	at org.apache.spark.sql.catalyst.plans.logical.AnalysisHelper.$anonfun$resolveOperatorsUpWithPruning$3(AnalysisHelper.scala:139)
	at org.apache.spark.sql.catalyst.trees.CurrentOrigin$.withOrigin(origin.scala:107)
	at org.apache.spark.sql.catalyst.plans.logical.AnalysisHelper.$anonfun$resolveOperatorsUpWithPruning$1(AnalysisHelper.scala:139)
	at org.apache.spark.sql.catalyst.plans.logical.AnalysisHelper$.allowInvokingTransformsInAnalyzer(AnalysisHelper.scala:416)
	at org.apache.spark.sql.catalyst.plans.logical.AnalysisHelper.resolveOperatorsUpWithPruning(AnalysisHelper.scala:135)
	at org.apache.spark.sql.catalyst.plans.logical.AnalysisHelper.resolveOperatorsUpWithPruning$(AnalysisHelper.scala:131)
	at org.apache.spark.sql.catalyst.plans.logical.LogicalPlan.resolveOperatorsUpWithPruning(LogicalPlan.scala:37)
	at org.apache.spark.sql.catalyst.plans.logical.AnalysisHelper.resolveOperatorsUp(AnalysisHelper.scala:112)
	at org.apache.spark.sql.catalyst.plans.logical.AnalysisHelper.resolveOperatorsUp$(AnalysisHelper.scala:111)
	at org.apache.spark.sql.catalyst.plans.logical.LogicalPlan.resolveOperatorsUp(LogicalPlan.scala:37)
	at org.apache.spark.sql.catalyst.analysis.ResolveDataSource.apply(ResolveDataSource.scala:45)
	at org.apache.spark.sql.catalyst.analysis.ResolveDataSource.apply(ResolveDataSource.scala:43)
	at org.apache.spark.sql.catalyst.rules.RuleExecutor.$anonfun$execute$2(RuleExecutor.scala:248)
	at scala.collection.LinearSeqOps.foldLeft(LinearSeq.scala:183)
	at scala.collection.LinearSeqOps.foldLeft$(LinearSeq.scala:179)
	at scala.collection.immutable.List.foldLeft(List.scala:79)
	at org.apache.spark.sql.catalyst.rules.RuleExecutor.$anonfun$execute$1(RuleExecutor.scala:245)
	at org.apache.spark.sql.catalyst.rules.RuleExecutor.$anonfun$execute$1$adapted(RuleExecutor.scala:237)
	at scala.collection.immutable.List.foreach(List.scala:323)
	at org.apache.spark.sql.catalyst.rules.RuleExecutor.execute(RuleExecutor.scala:237)
	at org.apache.spark.sql.catalyst.analysis.Analyzer.org$apache$spark$sql$catalyst$analysis$Analyzer$$executeSameContext(Analyzer.scala:343)
	at org.apache.spark.sql.catalyst.analysis.Analyzer.$anonfun$execute$1(Analyzer.scala:339)
	at org.apache.spark.sql.catalyst.analysis.AnalysisContext$.withNewAnalysisContext(Analyzer.scala:224)
	at org.apache.spark.sql.catalyst.analysis.Analyzer.execute(Analyzer.scala:339)
	at org.apache.spark.sql.catalyst.analysis.Analyzer.execute(Analyzer.scala:289)
	at org.apache.spark.sql.catalyst.rules.RuleExecutor.$anonfun$executeAndTrack$1(RuleExecutor.scala:207)
	at org.apache.spark.sql.catalyst.QueryPlanningTracker$.withTracker(QueryPlanningTracker.scala:89)
	at org.apache.spark.sql.catalyst.rules.RuleExecutor.executeAndTrack(RuleExecutor.scala:207)
	at org.apache.spark.sql.catalyst.analysis.resolver.HybridAnalyzer.resolveInFixedPoint(HybridAnalyzer.scala:236)
	at org.apache.spark.sql.catalyst.analysis.resolver.HybridAnalyzer.$anonfun$apply$1(HybridAnalyzer.scala:91)
	at org.apache.spark.sql.catalyst.analysis.resolver.HybridAnalyzer.withTrackedAnalyzerBridgeState(HybridAnalyzer.scala:122)
	at org.apache.spark.sql.catalyst.analysis.resolver.HybridAnalyzer.apply(HybridAnalyzer.scala:84)
	at org.apache.spark.sql.catalyst.analysis.Analyzer.$anonfun$executeAndCheck$1(Analyzer.scala:322)
	at org.apache.spark.sql.catalyst.plans.logical.AnalysisHelper$.markInAnalyzer(AnalysisHelper.scala:423)
	at org.apache.spark.sql.catalyst.analysis.Analyzer.executeAndCheck(Analyzer.scala:322)
	at org.apache.spark.sql.execution.QueryExecution.$anonfun$lazyAnalyzed$2(QueryExecution.scala:139)
	at org.apache.spark.sql.catalyst.QueryPlanningTracker.measurePhase(QueryPlanningTracker.scala:148)
	at org.apache.spark.sql.execution.QueryExecution.$anonfun$executePhase$2(QueryExecution.scala:330)
	at org.apache.spark.sql.execution.QueryExecution$.withInternalError(QueryExecution.scala:717)
	at org.apache.spark.sql.execution.QueryExecution.$anonfun$executePhase$1(QueryExecution.scala:330)
	at org.apache.spark.sql.SparkSession.withActive(SparkSession.scala:804)
	at org.apache.spark.sql.execution.QueryExecution.executePhase(QueryExecution.scala:329)
	at org.apache.spark.sql.execution.QueryExecution.$anonfun$lazyAnalyzed$1(QueryExecution.scala:139)
	at scala.util.Try$.apply(Try.scala:217)
	at org.apache.spark.util.Utils$.doTryWithCallerStacktrace(Utils.scala:1392)
	at org.apache.spark.util.LazyTry.tryT$lzycompute(LazyTry.scala:46)
	at org.apache.spark.util.LazyTry.tryT(LazyTry.scala:46)
	at org.apache.spark.util.LazyTry.get(LazyTry.scala:58)
	at org.apache.spark.sql.execution.QueryExecution.analyzed(QueryExecution.scala:150)
	at org.apache.spark.sql.execution.QueryExecution.assertAnalyzed(QueryExecution.scala:90)
	at org.apache.spark.sql.classic.Dataset$.$anonfun$ofRows$1(Dataset.scala:114)
	at org.apache.spark.sql.SparkSession.withActive(SparkSession.scala:804)
	at org.apache.spark.sql.classic.Dataset$.ofRows(Dataset.scala:112)
	at org.apache.spark.sql.classic.DataFrameReader.load(DataFrameReader.scala:108)
	at org.apache.spark.sql.classic.DataFrameReader.load(DataFrameReader.scala:99)
	at java.base/jdk.internal.reflect.NativeMethodAccessorImpl.invoke0(Native Method)
	at java.base/jdk.internal.reflect.NativeMethodAccessorImpl.invoke(NativeMethodAccessorImpl.java:77)
	at java.base/jdk.internal.reflect.DelegatingMethodAccessorImpl.invoke(DelegatingMethodAccessorImpl.java:43)
	at java.base/java.lang.reflect.Method.invoke(Method.java:569)
	at py4j.reflection.MethodInvoker.invoke(MethodInvoker.java:244)
	at py4j.reflection.ReflectionEngine.invoke(ReflectionEngine.java:374)
	at py4j.Gateway.invoke(Gateway.java:282)
	at py4j.commands.AbstractCommand.invokeMethod(AbstractCommand.java:132)
	at py4j.commands.CallCommand.execute(CallCommand.java:79)
	at py4j.ClientServerConnection.waitForCommands(ClientServerConnection.java:184)
	at py4j.ClientServerConnection.run(ClientServerConnection.java:108)
	at java.base/java.lang.Thread.run(Thread.java:840)
26/03/02 14:24:05 WARN FileStreamSink: Assume no metadata directory. Error while looking for metadata directory in the path: data/boundary/05_Mukim_boundary/Msia_Mukim_bdy.???.
java.io.FileNotFoundException: File data/boundary/05_Mukim_boundary/Msia_Mukim_bdy.??? does not exist
	at org.apache.hadoop.fs.RawLocalFileSystem.deprecatedGetFileStatus(RawLocalFileSystem.java:980)
	at org.apache.hadoop.fs.RawLocalFileSystem.getFileLinkStatusInternal(RawLocalFileSystem.java:1301)
	at org.apache.hadoop.fs.RawLocalFileSystem.getFileStatus(RawLocalFileSystem.java:970)
	at org.apache.hadoop.fs.FilterFileSystem.getFileStatus(FilterFileSystem.java:462)
	at org.apache.spark.sql.execution.streaming.sinks.FileStreamSink$.hasMetadata(FileStreamSink.scala:58)
	at org.apache.spark.sql.execution.datasources.v2.FileTable.fileIndex$lzycompute(FileTable.scala:52)
	at org.apache.spark.sql.execution.datasources.v2.FileTable.fileIndex(FileTable.scala:48)
	at org.apache.spark.sql.execution.datasources.v2.FileTable.$anonfun$dataSchema$4(FileTable.scala:73)
	at scala.Option.orElse(Option.scala:477)
	at org.apache.spark.sql.execution.datasources.v2.FileTable.dataSchema$lzycompute(FileTable.scala:73)
	at org.apache.spark.sql.execution.datasources.v2.FileTable.dataSchema(FileTable.scala:67)
	at org.apache.spark.sql.execution.datasources.v2.FileTable.schema$lzycompute(FileTable.scala:85)
	at org.apache.spark.sql.execution.datasources.v2.FileTable.schema(FileTable.scala:83)
	at org.apache.spark.sql.connector.catalog.Table.columns(Table.java:79)
	at org.apache.spark.sql.execution.datasources.v2.FileTable.columns(FileTable.scala:39)
	at org.apache.spark.sql.execution.datasources.v2.FileDataSourceV2.inferSchema(FileDataSourceV2.scala:98)
	at org.apache.spark.sql.execution.datasources.v2.FileDataSourceV2.inferSchema$(FileDataSourceV2.scala:95)
	at org.apache.sedona.sql.datasources.shapefile.ShapefileDataSource.inferSchema(ShapefileDataSource.scala:45)
	at org.apache.spark.sql.execution.datasources.v2.DataSourceV2Utils$.getTableFromProvider(DataSourceV2Utils.scala:96)
	at org.apache.spark.sql.execution.datasources.v2.DataSourceV2Utils$.loadV2Source(DataSourceV2Utils.scala:148)
	at org.apache.spark.sql.catalyst.analysis.ResolveDataSource$$anonfun$apply$1.$anonfun$applyOrElse$1(ResolveDataSource.scala:60)
	at scala.Option.flatMap(Option.scala:283)
	at org.apache.spark.sql.catalyst.analysis.ResolveDataSource$$anonfun$apply$1.applyOrElse(ResolveDataSource.scala:58)
	at org.apache.spark.sql.catalyst.analysis.ResolveDataSource$$anonfun$apply$1.applyOrElse(ResolveDataSource.scala:45)
	at org.apache.spark.sql.catalyst.plans.logical.AnalysisHelper.$anonfun$resolveOperatorsUpWithPruning$3(AnalysisHelper.scala:139)
	at org.apache.spark.sql.catalyst.trees.CurrentOrigin$.withOrigin(origin.scala:107)
	at org.apache.spark.sql.catalyst.plans.logical.AnalysisHelper.$anonfun$resolveOperatorsUpWithPruning$1(AnalysisHelper.scala:139)
	at org.apache.spark.sql.catalyst.plans.logical.AnalysisHelper$.allowInvokingTransformsInAnalyzer(AnalysisHelper.scala:416)
	at org.apache.spark.sql.catalyst.plans.logical.AnalysisHelper.resolveOperatorsUpWithPruning(AnalysisHelper.scala:135)
	at org.apache.spark.sql.catalyst.plans.logical.AnalysisHelper.resolveOperatorsUpWithPruning$(AnalysisHelper.scala:131)
	at org.apache.spark.sql.catalyst.plans.logical.LogicalPlan.resolveOperatorsUpWithPruning(LogicalPlan.scala:37)
	at org.apache.spark.sql.catalyst.plans.logical.AnalysisHelper.resolveOperatorsUp(AnalysisHelper.scala:112)
	at org.apache.spark.sql.catalyst.plans.logical.AnalysisHelper.resolveOperatorsUp$(AnalysisHelper.scala:111)
	at org.apache.spark.sql.catalyst.plans.logical.LogicalPlan.resolveOperatorsUp(LogicalPlan.scala:37)
	at org.apache.spark.sql.catalyst.analysis.ResolveDataSource.apply(ResolveDataSource.scala:45)
	at org.apache.spark.sql.catalyst.analysis.ResolveDataSource.apply(ResolveDataSource.scala:43)
	at org.apache.spark.sql.catalyst.rules.RuleExecutor.$anonfun$execute$2(RuleExecutor.scala:248)
	at scala.collection.LinearSeqOps.foldLeft(LinearSeq.scala:183)
	at scala.collection.LinearSeqOps.foldLeft$(LinearSeq.scala:179)
	at scala.collection.immutable.List.foldLeft(List.scala:79)
	at org.apache.spark.sql.catalyst.rules.RuleExecutor.$anonfun$execute$1(RuleExecutor.scala:245)
	at org.apache.spark.sql.catalyst.rules.RuleExecutor.$anonfun$execute$1$adapted(RuleExecutor.scala:237)
	at scala.collection.immutable.List.foreach(List.scala:323)
	at org.apache.spark.sql.catalyst.rules.RuleExecutor.execute(RuleExecutor.scala:237)
	at org.apache.spark.sql.catalyst.analysis.Analyzer.org$apache$spark$sql$catalyst$analysis$Analyzer$$executeSameContext(Analyzer.scala:343)
	at org.apache.spark.sql.catalyst.analysis.Analyzer.$anonfun$execute$1(Analyzer.scala:339)
	at org.apache.spark.sql.catalyst.analysis.AnalysisContext$.withNewAnalysisContext(Analyzer.scala:224)
	at org.apache.spark.sql.catalyst.analysis.Analyzer.execute(Analyzer.scala:339)
	at org.apache.spark.sql.catalyst.analysis.Analyzer.execute(Analyzer.scala:289)
	at org.apache.spark.sql.catalyst.rules.RuleExecutor.$anonfun$executeAndTrack$1(RuleExecutor.scala:207)
	at org.apache.spark.sql.catalyst.QueryPlanningTracker$.withTracker(QueryPlanningTracker.scala:89)
	at org.apache.spark.sql.catalyst.rules.RuleExecutor.executeAndTrack(RuleExecutor.scala:207)
	at org.apache.spark.sql.catalyst.analysis.resolver.HybridAnalyzer.resolveInFixedPoint(HybridAnalyzer.scala:236)
	at org.apache.spark.sql.catalyst.analysis.resolver.HybridAnalyzer.$anonfun$apply$1(HybridAnalyzer.scala:91)
	at org.apache.spark.sql.catalyst.analysis.resolver.HybridAnalyzer.withTrackedAnalyzerBridgeState(HybridAnalyzer.scala:122)
	at org.apache.spark.sql.catalyst.analysis.resolver.HybridAnalyzer.apply(HybridAnalyzer.scala:84)
	at org.apache.spark.sql.catalyst.analysis.Analyzer.$anonfun$executeAndCheck$1(Analyzer.scala:322)
	at org.apache.spark.sql.catalyst.plans.logical.AnalysisHelper$.markInAnalyzer(AnalysisHelper.scala:423)
	at org.apache.spark.sql.catalyst.analysis.Analyzer.executeAndCheck(Analyzer.scala:322)
	at org.apache.spark.sql.execution.QueryExecution.$anonfun$lazyAnalyzed$2(QueryExecution.scala:139)
	at org.apache.spark.sql.catalyst.QueryPlanningTracker.measurePhase(QueryPlanningTracker.scala:148)
	at org.apache.spark.sql.execution.QueryExecution.$anonfun$executePhase$2(QueryExecution.scala:330)
	at org.apache.spark.sql.execution.QueryExecution$.withInternalError(QueryExecution.scala:717)
	at org.apache.spark.sql.execution.QueryExecution.$anonfun$executePhase$1(QueryExecution.scala:330)
	at org.apache.spark.sql.SparkSession.withActive(SparkSession.scala:804)
	at org.apache.spark.sql.execution.QueryExecution.executePhase(QueryExecution.scala:329)
	at org.apache.spark.sql.execution.QueryExecution.$anonfun$lazyAnalyzed$1(QueryExecution.scala:139)
	at scala.util.Try$.apply(Try.scala:217)
	at org.apache.spark.util.Utils$.doTryWithCallerStacktrace(Utils.scala:1392)
	at org.apache.spark.util.LazyTry.tryT$lzycompute(LazyTry.scala:46)
	at org.apache.spark.util.LazyTry.tryT(LazyTry.scala:46)
	at org.apache.spark.util.LazyTry.get(LazyTry.scala:58)
	at org.apache.spark.sql.execution.QueryExecution.analyzed(QueryExecution.scala:150)
	at org.apache.spark.sql.execution.QueryExecution.assertAnalyzed(QueryExecution.scala:90)
	at org.apache.spark.sql.classic.Dataset$.$anonfun$ofRows$1(Dataset.scala:114)
	at org.apache.spark.sql.SparkSession.withActive(SparkSession.scala:804)
	at org.apache.spark.sql.classic.Dataset$.ofRows(Dataset.scala:112)
	at org.apache.spark.sql.classic.DataFrameReader.load(DataFrameReader.scala:108)
	at org.apache.spark.sql.classic.DataFrameReader.load(DataFrameReader.scala:99)
	at java.base/jdk.internal.reflect.NativeMethodAccessorImpl.invoke0(Native Method)
	at java.base/jdk.internal.reflect.NativeMethodAccessorImpl.invoke(NativeMethodAccessorImpl.java:77)
	at java.base/jdk.internal.reflect.DelegatingMethodAccessorImpl.invoke(DelegatingMethodAccessorImpl.java:43)
	at java.base/java.lang.reflect.Method.invoke(Method.java:569)
	at py4j.reflection.MethodInvoker.invoke(MethodInvoker.java:244)
	at py4j.reflection.ReflectionEngine.invoke(ReflectionEngine.java:374)
	at py4j.Gateway.invoke(Gateway.java:282)
	at py4j.commands.AbstractCommand.invokeMethod(AbstractCommand.java:132)
	at py4j.commands.CallCommand.execute(CallCommand.java:79)
	at py4j.ClientServerConnection.waitForCommands(ClientServerConnection.java:184)
	at py4j.ClientServerConnection.run(ClientServerConnection.java:108)
	at java.base/java.lang.Thread.run(Thread.java:840)

[Stage 25:>                                                         (0 + 1) / 1]

                                                                                

[Stage 25:>                                                         (0 + 1) / 1]

                                                                                
26/03/02 14:24:27 WARN DAGScheduler: Broadcasting large task binary with size 3.0 MiB

[Stage 51:>                                                         (0 + 8) / 8]

[Stage 51:>                 (0 + 8) / 8][Stage 52:>                 (0 + 1) / 8]

[Stage 52:>                                                         (0 + 8) / 8]

[Stage 53:>                                                         (0 + 1) / 1]

                                                                                

[Stage 54:>                                                         (0 + 1) / 1]

                                                                                

[Stage 55:>                                                         (0 + 1) / 1]

                                                                                

[Stage 56:>                                                         (0 + 1) / 1]

                                                                                

[Stage 57:>                                                         (0 + 1) / 1]

                                                                                

[Stage 58:>                                                         (0 + 1) / 1]

                                                                                
26/03/02 14:24:46 WARN DAGScheduler: Broadcasting large task binary with size 5.3 MiB

[Stage 61:>                                                        (0 + 8) / 64]

[Stage 61:>                                                        (1 + 8) / 64]

[Stage 61:=>                                                       (2 + 8) / 64]

[Stage 61:==>                                                      (3 + 8) / 64]

[Stage 61:===>                                                     (4 + 8) / 64]

[Stage 61:====>                                                    (5 + 8) / 64]

[Stage 61:=====>                                                   (6 + 8) / 64]

[Stage 61:======>                                                  (7 + 8) / 64]

[Stage 61:======>                                                  (7 + 9) / 64]

[Stage 61:=======>                                                 (8 + 8) / 64]

[Stage 61:========>                                                (9 + 8) / 64]

[Stage 61:========>                                               (10 + 8) / 64]

[Stage 61:=========>                                              (11 + 8) / 64]

[Stage 61:==========>                                             (12 + 8) / 64]

[Stage 61:===========>                                            (13 + 8) / 64]

[Stage 61:============>                                           (14 + 8) / 64]

[Stage 61:=============>                                          (15 + 8) / 64]

[Stage 61:==============>                                         (17 + 8) / 64]

[Stage 61:==============>                                         (17 + 9) / 64]

[Stage 61:===============>                                        (18 + 8) / 64]

[Stage 61:================>                                       (19 + 8) / 64]

[Stage 61:=================>                                      (20 + 8) / 64]

[Stage 61:==================>                                     (21 + 8) / 64]

[Stage 61:===================>                                    (22 + 8) / 64]

[Stage 61:====================>                                   (23 + 8) / 64]

[Stage 61:=====================>                                  (24 + 8) / 64]

[Stage 61:=====================>                                  (25 + 8) / 64]

[Stage 61:======================>                                 (26 + 8) / 64]

[Stage 61:=======================>                                (27 + 8) / 64]

[Stage 61:========================>                               (28 + 8) / 64]

[Stage 61:=========================>                              (29 + 8) / 64]

[Stage 61:==========================>                             (30 + 8) / 64]

[Stage 61:===========================>                            (31 + 8) / 64]

[Stage 61:============================>                           (32 + 8) / 64]

[Stage 61:============================>                           (33 + 8) / 64]

[Stage 61:=============================>                          (34 + 8) / 64]

[Stage 61:==============================>                         (35 + 8) / 64]

[Stage 61:===============================>                        (36 + 8) / 64]

[Stage 61:================================>                       (37 + 8) / 64]

[Stage 61:=================================>                      (38 + 8) / 64]

[Stage 61:==================================>                     (39 + 8) / 64]

[Stage 61:===================================>                    (41 + 8) / 64]

[Stage 61:====================================>                   (42 + 8) / 64]

[Stage 61:=====================================>                  (43 + 8) / 64]

[Stage 61:======================================>                 (44 + 8) / 64]

[Stage 61:========================================>               (46 + 8) / 64]

[Stage 61:=========================================>              (47 + 8) / 64]

[Stage 61:==========================================>             (48 + 8) / 64]

[Stage 61:==========================================>             (49 + 8) / 64]

[Stage 61:===========================================>            (50 + 8) / 64]

[Stage 61:============================================>           (51 + 8) / 64]

[Stage 61:=============================================>          (52 + 8) / 64]

[Stage 61:==============================================>         (53 + 8) / 64]

[Stage 61:================================================>       (55 + 8) / 64]

[Stage 61:=================================================>      (57 + 7) / 64]

[Stage 61:==================================================>     (58 + 6) / 64]

[Stage 61:===================================================>    (59 + 5) / 64]

[Stage 61:====================================================>   (60 + 4) / 64]

[Stage 61:=====================================================>  (61 + 3) / 64]

[Stage 61:======================================================> (62 + 2) / 64]

[Stage 61:=======================================================>(63 + 1) / 64]

                                                                                

[Stage 63:>                                                         (0 + 1) / 1]

                                                                                

[Stage 73:>                                                         (0 + 8) / 8]

[Stage 74:>                                                         (0 + 1) / 1]

                                                                                

[Stage 75:>                                                         (0 + 1) / 1]

                                                                                

[Stage 76:>                                                         (0 + 1) / 1]

                                                                                

[Stage 78:>                                                        (0 + 8) / 64]

[Stage 78:>                                                        (1 + 8) / 64]

[Stage 78:=>                                                       (2 + 8) / 64]

[Stage 78:==>                                                      (3 + 8) / 64]

[Stage 78:===>                                                     (4 + 8) / 64]

[Stage 78:====>                                                    (5 + 8) / 64]

[Stage 78:=====>                                                   (6 + 8) / 64]

[Stage 78:======>                                                  (7 + 8) / 64]

[Stage 78:=======>                                                 (8 + 8) / 64]

[Stage 78:========>                                                (9 + 8) / 64]

[Stage 78:========>                                               (10 + 8) / 64]

[Stage 78:=========>                                              (11 + 8) / 64]

[Stage 78:==========>                                             (12 + 8) / 64]

[Stage 78:===========>                                            (13 + 8) / 64]

[Stage 78:============>                                           (14 + 8) / 64]

[Stage 78:=============>                                          (15 + 8) / 64]

[Stage 78:==============>                                         (16 + 8) / 64]

[Stage 78:==============>                                         (17 + 8) / 64]

[Stage 78:===============>                                        (18 + 8) / 64]

[Stage 78:================>                                       (19 + 8) / 64]

[Stage 78:=================>                                      (20 + 8) / 64]

[Stage 78:==================>                                     (21 + 8) / 64]

[Stage 78:===================>                                    (22 + 8) / 64]

[Stage 78:====================>                                   (23 + 8) / 64]

[Stage 78:=====================>                                  (24 + 8) / 64]

[Stage 78:=====================>                                  (25 + 8) / 64]

[Stage 78:=====================>                                  (25 + 9) / 64]

[Stage 78:======================>                                 (26 + 8) / 64]

[Stage 78:=======================>                                (27 + 8) / 64]

[Stage 78:========================>                               (28 + 8) / 64]

[Stage 78:=========================>                              (29 + 8) / 64]

[Stage 78:==========================>                             (30 + 8) / 64]

[Stage 78:===========================>                            (31 + 8) / 64]

[Stage 78:============================>                           (32 + 8) / 64]

[Stage 78:============================>                           (32 + 9) / 64]

[Stage 78:============================>                           (33 + 8) / 64]

[Stage 78:=============================>                          (34 + 8) / 64]

[Stage 78:==============================>                         (35 + 8) / 64]

[Stage 78:===============================>                        (36 + 8) / 64]

[Stage 78:================================>                       (37 + 8) / 64]

[Stage 78:=================================>                      (38 + 8) / 64]

[Stage 78:==================================>                     (39 + 8) / 64]

[Stage 78:===================================>                    (40 + 8) / 64]

[Stage 78:===================================>                    (41 + 8) / 64]

[Stage 78:====================================>                   (42 + 8) / 64]

[Stage 78:=====================================>                  (43 + 8) / 64]

[Stage 78:======================================>                 (44 + 8) / 64]

[Stage 78:=======================================>                (45 + 8) / 64]

[Stage 78:========================================>               (46 + 8) / 64]

[Stage 78:=========================================>              (47 + 8) / 64]

[Stage 78:==========================================>             (48 + 8) / 64]

[Stage 78:============================================>           (51 + 8) / 64]

[Stage 78:==============================================>         (53 + 8) / 64]

[Stage 78:=================================================>      (56 + 8) / 64]

[Stage 78:=================================================>      (57 + 7) / 64]

[Stage 78:==================================================>     (58 + 6) / 64]

[Stage 78:===================================================>    (59 + 5) / 64]

[Stage 78:====================================================>   (60 + 4) / 64]

[Stage 78:=====================================================>  (61 + 3) / 64]

[Stage 78:======================================================> (62 + 2) / 64]

[Stage 78:=======================================================>(63 + 1) / 64]

                                                                                
PIPELINE_STAGE:validated

[Stage 86:>   (0 + 0) / 1][Stage 87:>   (0 + 0) / 1][Stage 88:>   (0 + 0) / 1]

                                                                                

[Stage 86:>                                                         (0 + 1) / 1]

                                                                                

[Stage 86:>                                                         (0 + 1) / 1]

                                                                                

[Stage 115:>                                                        (0 + 1) / 1]

                                                                                
26/03/02 14:31:04 WARN DAGScheduler: Broadcasting large task binary with size 3.0 MiB

[Stage 117:>                                                        (0 + 8) / 8]

[Stage 118:>                                                        (0 + 8) / 8]

[Stage 119:>                                                        (0 + 1) / 1]

                                                                                

[Stage 120:>                                                        (0 + 1) / 1]

                                                                                

