[2026-03-02T01:20:09.555570+00:00] start job=70a3050c89f6416096122acd1bda8732 cmd=/Users/adibakbar/Software_Development/nas/venv/bin/python3.11 pipeline.py --input /Users/adibakbar/Software_Development/nas/data/uploads/70a3050c89f6416096122acd1bda8732/Sample Data.xlsx --source-type excel --config config/config.json --success /Users/adibakbar/Software_Development/nas/output/uploads/70a3050c89f6416096122acd1bda8732/cleaned --failed /Users/adibakbar/Software_Development/nas/output/uploads/70a3050c89f6416096122acd1bda8732/failed --checkpoint-root /Users/adibakbar/Software_Development/nas/output/uploads/70a3050c89f6416096122acd1bda8732/checkpoints
WARNING: Using incubator modules: jdk.incubator.vector
Using Spark's default log4j profile: org/apache/spark/log4j2-defaults.properties
Setting default log level to "WARN".
To adjust logging level use sc.setLogLevel(newLevel). For SparkR, use setLogLevel(newLevel).
26/03/02 09:20:11 WARN NativeCodeLoader: Unable to load native-hadoop library for your platform... using builtin-java classes where applicable
PIPELINE_STAGE:extract
26/03/02 09:20:17 WARN SparkStringUtils: Truncated the string representation of a plan since it was too large. This behavior can be adjusted by setting 'spark.sql.debug.maxToStringFields'.

[Stage 0:>                                                          (0 + 8) / 8]

                                                                                
PIPELINE_STAGE:clean

[Stage 43:>                                                         (0 + 8) / 8]
26/03/02 09:20:40 WARN DAGScheduler: Broadcasting large task binary with size 2.9 MiB

[Stage 43:>                 (0 + 8) / 8][Stage 44:>                 (0 + 0) / 8]

[Stage 43:=============>    (6 + 2) / 8][Stage 44:>                 (0 + 6) / 8]

[Stage 43:===============>  (7 + 1) / 8][Stage 44:>                 (0 + 7) / 8]

[Stage 44:>                                                         (0 + 8) / 8]

[Stage 44:====================================>                     (5 + 3) / 8]
26/03/02 09:20:53 WARN DAGScheduler: Broadcasting large task binary with size 4.9 MiB

[Stage 47:>                                                         (0 + 1) / 1]

[2026-03-02T03:41:27.432219+00:00] backend ingest error job=70a3050c89f6416096122acd1bda8732: HTTPConnectionPool(host='localhost', port=9000): Max retries exceeded with url: /nas-uploads?location= (Caused by NewConnectionError("HTTPConnection(host='localhost', port=9000): Failed to establish a new connection: [Errno 1] Operation not permitted"))
Traceback (most recent call last):
  File "/Users/adibakbar/Software_Development/nas/venv/lib/python3.11/site-packages/urllib3/connection.py", line 204, in _new_conn
    sock = connection.create_connection(
           ^^^^^^^^^^^^^^^^^^^^^^^^^^^^^
  File "/Users/adibakbar/Software_Development/nas/venv/lib/python3.11/site-packages/urllib3/util/connection.py", line 85, in create_connection
    raise err
  File "/Users/adibakbar/Software_Development/nas/venv/lib/python3.11/site-packages/urllib3/util/connection.py", line 73, in create_connection
    sock.connect(sa)
PermissionError: [Errno 1] Operation not permitted

The above exception was the direct cause of the following exception:

Traceback (most recent call last):
  File "/Users/adibakbar/Software_Development/nas/venv/lib/python3.11/site-packages/urllib3/connectionpool.py", line 787, in urlopen
    response = self._make_request(
               ^^^^^^^^^^^^^^^^^^^
  File "/Users/adibakbar/Software_Development/nas/venv/lib/python3.11/site-packages/urllib3/connectionpool.py", line 493, in _make_request
    conn.request(
  File "/Users/adibakbar/Software_Development/nas/venv/lib/python3.11/site-packages/urllib3/connection.py", line 500, in request
    self.endheaders()
  File "/Library/Frameworks/Python.framework/Versions/3.11/lib/python3.11/http/client.py", line 1293, in endheaders
    self._send_output(message_body, encode_chunked=encode_chunked)
  File "/Library/Frameworks/Python.framework/Versions/3.11/lib/python3.11/http/client.py", line 1052, in _send_output
    self.send(msg)
  File "/Library/Frameworks/Python.framework/Versions/3.11/lib/python3.11/http/client.py", line 990, in send
    self.connect()
  File "/Users/adibakbar/Software_Development/nas/venv/lib/python3.11/site-packages/urllib3/connection.py", line 331, in connect
    self.sock = self._new_conn()
                ^^^^^^^^^^^^^^^^
  File "/Users/adibakbar/Software_Development/nas/venv/lib/python3.11/site-packages/urllib3/connection.py", line 219, in _new_conn
    raise NewConnectionError(
urllib3.exceptions.NewConnectionError: HTTPConnection(host='localhost', port=9000): Failed to establish a new connection: [Errno 1] Operation not permitted

The above exception was the direct cause of the following exception:

Traceback (most recent call last):
  File "/Users/adibakbar/Software_Development/nas/backend/app/main.py", line 425, in _run_ingest_job
    client = _get_minio_client()
             ^^^^^^^^^^^^^^^^^^^
  File "/Users/adibakbar/Software_Development/nas/backend/app/main.py", line 112, in _get_minio_client
    if not client.bucket_exists(MINIO_BUCKET):
           ^^^^^^^^^^^^^^^^^^^^^^^^^^^^^^^^^^
  File "/Users/adibakbar/Software_Development/nas/venv/lib/python3.11/site-packages/minio/api.py", line 700, in bucket_exists
    self._execute("HEAD", bucket_name)
  File "/Users/adibakbar/Software_Development/nas/venv/lib/python3.11/site-packages/minio/api.py", line 441, in _execute
    region = self._get_region(bucket_name)
             ^^^^^^^^^^^^^^^^^^^^^^^^^^^^^
  File "/Users/adibakbar/Software_Development/nas/venv/lib/python3.11/site-packages/minio/api.py", line 498, in _get_region
    response = self._url_open(
               ^^^^^^^^^^^^^^^
  File "/Users/adibakbar/Software_Development/nas/venv/lib/python3.11/site-packages/minio/api.py", line 306, in _url_open
    response = self._http.urlopen(
               ^^^^^^^^^^^^^^^^^^^
  File "/Users/adibakbar/Software_Development/nas/venv/lib/python3.11/site-packages/urllib3/poolmanager.py", line 457, in urlopen
    response = conn.urlopen(method, u.request_uri, **kw)
               ^^^^^^^^^^^^^^^^^^^^^^^^^^^^^^^^^^^^^^^^^
  File "/Users/adibakbar/Software_Development/nas/venv/lib/python3.11/site-packages/urllib3/connectionpool.py", line 871, in urlopen
    return self.urlopen(
           ^^^^^^^^^^^^^
  File "/Users/adibakbar/Software_Development/nas/venv/lib/python3.11/site-packages/urllib3/connectionpool.py", line 871, in urlopen
    return self.urlopen(
           ^^^^^^^^^^^^^
  File "/Users/adibakbar/Software_Development/nas/venv/lib/python3.11/site-packages/urllib3/connectionpool.py", line 871, in urlopen
    return self.urlopen(
           ^^^^^^^^^^^^^
  [Previous line repeated 2 more times]
  File "/Users/adibakbar/Software_Development/nas/venv/lib/python3.11/site-packages/urllib3/connectionpool.py", line 841, in urlopen
    retries = retries.increment(
              ^^^^^^^^^^^^^^^^^^
  File "/Users/adibakbar/Software_Development/nas/venv/lib/python3.11/site-packages/urllib3/util/retry.py", line 535, in increment
    raise MaxRetryError(_pool, url, reason) from reason  # type: ignore[arg-type]
    ^^^^^^^^^^^^^^^^^^^^^^^^^^^^^^^^^^^^^^^^^^^^^^^^^^^
urllib3.exceptions.MaxRetryError: HTTPConnectionPool(host='localhost', port=9000): Max retries exceeded with url: /nas-uploads?location= (Caused by NewConnectionError("HTTPConnection(host='localhost', port=9000): Failed to establish a new connection: [Errno 1] Operation not permitted"))

