[2026-04-02T02:51:09.009025+00:00] start job=a803a6819440448bbb394d45aac5907f cmd=/usr/local/bin/python pipeline.py --input /app/data/uploads/a803a6819440448bbb394d45aac5907f/Sample Data.xlsx --source-type excel --config config/config.json --success /app/output/uploads/a803a6819440448bbb394d45aac5907f/cleaned --failed /app/output/uploads/a803a6819440448bbb394d45aac5907f/failed --checkpoint-root /app/output/uploads/a803a6819440448bbb394d45aac5907f/checkpoints
WARNING: Using incubator modules: jdk.incubator.vector
:: loading settings :: url = jar:file:/usr/local/lib/python3.11/site-packages/pyspark/jars/ivy-2.5.3.jar!/org/apache/ivy/core/settings/ivysettings.xml
Ivy Default Cache set to: /root/.ivy2.5.2/cache
The jars for the packages stored in: /root/.ivy2.5.2/jars
org.apache.sedona#sedona-spark-shaded-4.0_2.13 added as a dependency
org.datasyslab#geotools-wrapper added as a dependency
org.postgresql#postgresql added as a dependency
:: resolving dependencies :: org.apache.spark#spark-submit-parent-82061eb1-3ee2-494f-9fa6-08bf344ce0fe;1.0
	confs: [default]
	found org.apache.sedona#sedona-spark-shaded-4.0_2.13;1.8.1 in central
	found org.datasyslab#geotools-wrapper;1.8.1-33.1 in central
	found org.postgresql#postgresql;42.7.3 in central
	found org.checkerframework#checker-qual;3.42.0 in central
downloading https://repo1.maven.org/maven2/org/apache/sedona/sedona-spark-shaded-4.0_2.13/1.8.1/sedona-spark-shaded-4.0_2.13-1.8.1.jar ...
	[SUCCESSFUL ] org.apache.sedona#sedona-spark-shaded-4.0_2.13;1.8.1!sedona-spark-shaded-4.0_2.13.jar (6764ms)
downloading https://repo1.maven.org/maven2/org/datasyslab/geotools-wrapper/1.8.1-33.1/geotools-wrapper-1.8.1-33.1.jar ...
	[SUCCESSFUL ] org.datasyslab#geotools-wrapper;1.8.1-33.1!geotools-wrapper.jar (2739ms)
downloading https://repo1.maven.org/maven2/org/postgresql/postgresql/42.7.3/postgresql-42.7.3.jar ...
	[SUCCESSFUL ] org.postgresql#postgresql;42.7.3!postgresql.jar (164ms)
downloading https://repo1.maven.org/maven2/org/checkerframework/checker-qual/3.42.0/checker-qual-3.42.0.jar ...
	[SUCCESSFUL ] org.checkerframework#checker-qual;3.42.0!checker-qual.jar (87ms)
:: resolution report :: resolve 3252ms :: artifacts dl 9816ms
	:: modules in use:
	org.apache.sedona#sedona-spark-shaded-4.0_2.13;1.8.1 from central in [default]
	org.checkerframework#checker-qual;3.42.0 from central in [default]
	org.datasyslab#geotools-wrapper;1.8.1-33.1 from central in [default]
	org.postgresql#postgresql;42.7.3 from central in [default]
	---------------------------------------------------------------------
	|                  |            modules            ||   artifacts   |
	|       conf       | number| search|dwnlded|evicted|| number|dwnlded|
	---------------------------------------------------------------------
	|      default     |   4   |   4   |   4   |   0   ||   4   |   4   |
	---------------------------------------------------------------------
:: retrieving :: org.apache.spark#spark-submit-parent-82061eb1-3ee2-494f-9fa6-08bf344ce0fe
	confs: [default]
	4 artifacts copied, 0 already retrieved (114432kB/3032ms)
26/04/02 02:51:31 WARN NativeCodeLoader: Unable to load native-hadoop library for your platform... using builtin-java classes where applicable
Using Spark's default log4j profile: org/apache/spark/log4j2-defaults.properties
Setting default log level to "WARN".
To adjust logging level use sc.setLogLevel(newLevel). For SparkR, use setLogLevel(newLevel).
