[2026-02-27T01:30:23.965960+00:00] start job=ea28240a3a0549be8ecc90f8eebfd154 cmd=/Users/adibakbar/Software_Development/nas/venv/bin/python3.11 pipeline.py --input /Users/adibakbar/Software_Development/nas/data/uploads/ea28240a3a0549be8ecc90f8eebfd154/Sample Data.xlsx --source-type excel --config config/config.json --success /Users/adibakbar/Software_Development/nas/output/uploads/ea28240a3a0549be8ecc90f8eebfd154/cleaned --failed /Users/adibakbar/Software_Development/nas/output/uploads/ea28240a3a0549be8ecc90f8eebfd154/failed --checkpoint-root /Users/adibakbar/Software_Development/nas/output/uploads/ea28240a3a0549be8ecc90f8eebfd154/checkpoints
WARNING: Using incubator modules: jdk.incubator.vector
Using Spark's default log4j profile: org/apache/spark/log4j2-defaults.properties
Setting default log level to "WARN".
To adjust logging level use sc.setLogLevel(newLevel). For SparkR, use setLogLevel(newLevel).
26/02/27 09:30:27 WARN NativeCodeLoader: Unable to load native-hadoop library for your platform... using builtin-java classes where applicable
Traceback (most recent call last):
  File "/Users/adibakbar/Software_Development/nas/pipeline.py", line 5, in <module>
    main()
  File "/Users/adibakbar/Software_Development/nas/etl/pipeline.py", line 207, in main
    df_raw = _attach_record_id(df_raw)
             ^^^^^^^^^^^^^^^^^^^^^^^^^
  File "/Users/adibakbar/Software_Development/nas/etl/pipeline.py", line 54, in _attach_record_id
    payload_cols = [col(c) for c in sorted(df.columns)]
                   ^^^^^^^^^^^^^^^^^^^^^^^^^^^^^^^^^^^^
  File "/Users/adibakbar/Software_Development/nas/etl/pipeline.py", line 54, in <listcomp>
    payload_cols = [col(c) for c in sorted(df.columns)]
                    ^^^^^^
  File "/Users/adibakbar/Software_Development/nas/venv/lib/python3.11/site-packages/pyspark/sql/utils.py", line 282, in wrapped
    return f(*args, **kwargs)
           ^^^^^^^^^^^^^^^^^^
  File "/Users/adibakbar/Software_Development/nas/venv/lib/python3.11/site-packages/pyspark/errors/utils.py", line 322, in wrapper
    return func(*args, **kwargs)
           ^^^^^^^^^^^^^^^^^^^^^
  File "/Users/adibakbar/Software_Development/nas/venv/lib/python3.11/site-packages/pyspark/sql/functions/builtin.py", line 330, in col
    return _invoke_function("col", col)
           ^^^^^^^^^^^^^^^^^^^^^^^^^^^^
  File "/Users/adibakbar/Software_Development/nas/venv/lib/python3.11/site-packages/pyspark/sql/functions/builtin.py", line 112, in _invoke_function
    return Column(jf(*args))
                  ^^^^^^^^^
  File "/Users/adibakbar/Software_Development/nas/venv/lib/python3.11/site-packages/py4j/java_gateway.py", line 1362, in __call__
    return_value = get_return_value(
                   ^^^^^^^^^^^^^^^^^
  File "/Users/adibakbar/Software_Development/nas/venv/lib/python3.11/site-packages/pyspark/errors/exceptions/captured.py", line 269, in deco
    raise converted from None
pyspark.errors.exceptions.captured.AnalysisException: [INVALID_ATTRIBUTE_NAME_SYNTAX] Syntax error in the attribute name: NO.. Check that backticks appear in pairs, a quoted string is a complete name part and use a backtick only inside quoted name parts. SQLSTATE: 42601
[2026-02-27T01:30:33.912474+00:00] end job=ea28240a3a0549be8ecc90f8eebfd154 exit_code=1
