[2026-03-31T03:47:20.470239+00:00] start job=fe5f8976bdb7409690a3d6420a36694d cmd=/usr/local/bin/python pipeline.py --input /app/data/uploads/fe5f8976bdb7409690a3d6420a36694d/Sample Data.xlsx --source-type excel --config config/config.json --success /app/output/uploads/fe5f8976bdb7409690a3d6420a36694d/cleaned --failed /app/output/uploads/fe5f8976bdb7409690a3d6420a36694d/failed --checkpoint-root /app/output/uploads/fe5f8976bdb7409690a3d6420a36694d/checkpoints
WARNING: Using incubator modules: jdk.incubator.vector
:: loading settings :: url = jar:file:/usr/local/lib/python3.11/site-packages/pyspark/jars/ivy-2.5.3.jar!/org/apache/ivy/core/settings/ivysettings.xml
Ivy Default Cache set to: /root/.ivy2.5.2/cache
The jars for the packages stored in: /root/.ivy2.5.2/jars
org.apache.sedona#sedona-spark-shaded-4.0_2.13 added as a dependency
org.datasyslab#geotools-wrapper added as a dependency
org.postgresql#postgresql added as a dependency
:: resolving dependencies :: org.apache.spark#spark-submit-parent-7b3b7cc0-19c7-46fe-bf3c-5b653dc91ec9;1.0
	confs: [default]
	found org.apache.sedona#sedona-spark-shaded-4.0_2.13;1.8.1 in central
	found org.datasyslab#geotools-wrapper;1.8.1-33.1 in central
	found org.postgresql#postgresql;42.7.3 in central
	found org.checkerframework#checker-qual;3.42.0 in central
:: resolution report :: resolve 307ms :: artifacts dl 18ms
	:: modules in use:
	org.apache.sedona#sedona-spark-shaded-4.0_2.13;1.8.1 from central in [default]
	org.checkerframework#checker-qual;3.42.0 from central in [default]
	org.datasyslab#geotools-wrapper;1.8.1-33.1 from central in [default]
	org.postgresql#postgresql;42.7.3 from central in [default]
	---------------------------------------------------------------------
	|                  |            modules            ||   artifacts   |
	|       conf       | number| search|dwnlded|evicted|| number|dwnlded|
	---------------------------------------------------------------------
	|      default     |   4   |   0   |   0   |   0   ||   4   |   0   |
	---------------------------------------------------------------------
:: retrieving :: org.apache.spark#spark-submit-parent-7b3b7cc0-19c7-46fe-bf3c-5b653dc91ec9
	confs: [default]
	0 artifacts copied, 4 already retrieved (0kB/13ms)
26/03/31 03:47:30 WARN NativeCodeLoader: Unable to load native-hadoop library for your platform... using builtin-java classes where applicable
Using Spark's default log4j profile: org/apache/spark/log4j2-defaults.properties
Setting default log level to "WARN".
To adjust logging level use sc.setLogLevel(newLevel). For SparkR, use setLogLevel(newLevel).
PIPELINE_STAGE:extract
CHECKPOINT stage=extract event=start resume=False
CHECKPOINT stage=extract event=rerun reason=resume_disabled_or_missing stage_path=/app/output/uploads/fe5f8976bdb7409690a3d6420a36694d/checkpoints/10_extract_raw
26/03/31 03:47:50 WARN SparkStringUtils: Truncated the string representation of a plan since it was too large. This behavior can be adjusted by setting 'spark.sql.debug.maxToStringFields'.

[Stage 0:>                                                          (0 + 8) / 8]

[Stage 0:===================================================>       (7 + 1) / 8]

                                                                                
CHECKPOINT stage=extract event=write_tmp_start row_count=155 tmp_path=/app/output/uploads/fe5f8976bdb7409690a3d6420a36694d/checkpoints/10_extract_raw_tmp_1774928878486_9ec28720

[Stage 3:>                                                          (0 + 8) / 8]

                                                                                
CHECKPOINT stage=extract event=write_done row_count=155 stage_path=/app/output/uploads/fe5f8976bdb7409690a3d6420a36694d/checkpoints/10_extract_raw

[Stage 4:>                                                          (0 + 8) / 8]

[Stage 6:>                                                          (0 + 1) / 1]

                                                                                
CHECKPOINT stage=record_status event=write_tmp_start row_count=155 tmp_path=/app/output/uploads/fe5f8976bdb7409690a3d6420a36694d/checkpoints/90_record_status_tmp_1774928895284_d7773dd9

[Stage 10:>                                                         (0 + 8) / 8]

[Stage 10:==================================================>       (7 + 1) / 8]

                                                                                
CHECKPOINT stage=record_status event=write_done row_count=155 stage_path=/app/output/uploads/fe5f8976bdb7409690a3d6420a36694d/checkpoints/90_record_status
PIPELINE_STAGE:clean
CHECKPOINT stage=clean event=start resume=False
CHECKPOINT stage=clean event=rerun reason=resume_disabled_or_missing stage_path=/app/output/uploads/fe5f8976bdb7409690a3d6420a36694d/checkpoints/20_clean
Info: loading lookups from DB schema=nas_lookup

[Stage 16:>                                                         (0 + 1) / 1]

                                                                                

[Stage 17:>                                                         (0 + 1) / 1]

                                                                                

[Stage 18:>                                                         (0 + 1) / 1]

                                                                                

[Stage 19:>                                                         (0 + 1) / 1]

                                                                                
Info: wrote lookup cache to output/lookups_cache/nas_lookup_20260331034310

[Stage 48:>                                                         (0 + 1) / 1]

[Stage 48:>                 (0 + 1) / 1][Stage 49:>                 (0 + 1) / 1]

[Stage 48:>   (0 + 1) / 1][Stage 49:>   (0 + 1) / 1][Stage 50:>   (0 + 1) / 1]

                                                                                

[Stage 48:>   (0 + 1) / 1][Stage 49:>   (0 + 1) / 1][Stage 50:>   (0 + 1) / 1]

                                                                                

[Stage 48:>   (0 + 1) / 1][Stage 52:>   (0 + 1) / 1][Stage 54:>   (0 + 1) / 1]

[Stage 48:>   (0 + 1) / 1][Stage 58:>   (0 + 1) / 1][Stage 59:>   (0 + 1) / 1]

[Stage 48:>                                                         (0 + 1) / 1]

[Stage 48:>                 (0 + 1) / 1][Stage 66:>                 (0 + 2) / 2]

[Stage 48:>   (0 + 1) / 1][Stage 66:>   (0 + 2) / 2][Stage 68:>   (0 + 2) / 2]

[Stage 48:>   (0 + 1) / 1][Stage 66:==> (1 + 1) / 2][Stage 68:>   (0 + 2) / 2]

[Stage 48:>   (0 + 1) / 1][Stage 66:==> (1 + 1) / 2][Stage 68:==> (1 + 1) / 2]

                                                                                

[Stage 48:>                                                         (0 + 1) / 1]

[Stage 74:>                                                         (0 + 1) / 1]

                                                                                

[Stage 75:>                                                         (0 + 8) / 8]

[Stage 76:>                                                         (0 + 1) / 1]

[Stage 76:==========================================================(1 + 0) / 1]

                                                                                

[Stage 77:>                                                         (0 + 1) / 1]

                                                                                

[Stage 78:>                                                         (0 + 1) / 1]

                                                                                

[Stage 79:>                                                         (0 + 1) / 1]

                                                                                

[Stage 81:>                                                        (0 + 8) / 64]

[Stage 81:>                                                        (0 + 9) / 64]

[Stage 81:>                                                        (1 + 8) / 64]

[Stage 81:=>                                                       (2 + 8) / 64]

[Stage 81:===>                                                     (4 + 8) / 64]

[Stage 81:=======>                                                 (8 + 8) / 64]

[Stage 81:========>                                                (9 + 8) / 64]

[Stage 81:=========>                                              (11 + 8) / 64]

[Stage 81:==========>                                             (12 + 8) / 64]

[Stage 81:===========>                                            (13 + 8) / 64]

[Stage 81:============>                                           (14 + 8) / 64]

[Stage 81:=============>                                          (15 + 8) / 64]

[Stage 81:=============>                                          (15 + 9) / 64]

[Stage 81:==============>                                         (16 + 8) / 64]

[Stage 81:==============>                                         (17 + 8) / 64]

[Stage 81:==============>                                         (17 + 9) / 64]

[Stage 81:===============>                                        (18 + 8) / 64]

[Stage 81:================>                                       (19 + 8) / 64]

[Stage 81:================>                                       (19 + 9) / 64]

[Stage 81:=================>                                      (20 + 8) / 64]

[Stage 81:==================>                                     (21 + 9) / 64]

[Stage 81:===================>                                    (22 + 8) / 64]

[Stage 81:=====================>                                  (24 + 8) / 64]

[Stage 81:=====================>                                  (25 + 8) / 64]

[Stage 81:======================>                                 (26 + 8) / 64]

[Stage 81:=======================>                                (27 + 8) / 64]

[Stage 81:========================>                               (28 + 8) / 64]

[Stage 81:========================>                               (28 + 9) / 64]

[Stage 81:===========================>                            (31 + 8) / 64]

[Stage 81:===========================>                            (31 + 9) / 64]

[Stage 81:============================>                           (32 + 8) / 64]

[Stage 81:============================>                           (33 + 8) / 64]

[Stage 81:=============================>                          (34 + 8) / 64]

[Stage 81:==============================>                         (35 + 8) / 64]

[Stage 81:================================>                       (37 + 8) / 64]

[Stage 81:=================================>                      (38 + 8) / 64]

[Stage 81:==================================>                     (39 + 8) / 64]

[Stage 81:===================================>                    (40 + 8) / 64]

[Stage 81:===================================>                    (41 + 8) / 64]

[Stage 81:====================================>                   (42 + 8) / 64]

[Stage 81:======================================>                 (44 + 8) / 64]

[Stage 81:=======================================>                (45 + 8) / 64]

[Stage 81:=======================================>                (45 + 9) / 64]

[Stage 81:========================================>               (46 + 8) / 64]

[Stage 81:=========================================>              (47 + 8) / 64]

[Stage 81:=========================================>              (47 + 9) / 64]

[Stage 81:==========================================>             (48 + 8) / 64]

[Stage 81:===========================================>            (50 + 8) / 64]

[Stage 81:============================================>           (51 + 8) / 64]

[Stage 81:=============================================>          (52 + 8) / 64]

[Stage 81:==============================================>         (53 + 8) / 64]

[Stage 81:===============================================>        (54 + 8) / 64]

[Stage 81:================================================>       (55 + 8) / 64]

[Stage 81:================================================>       (55 + 9) / 64]

[Stage 81:=================================================>      (56 + 8) / 64]

[Stage 81:==================================================>     (58 + 6) / 64]

[Stage 81:===================================================>    (59 + 5) / 64]

[Stage 81:====================================================>   (60 + 4) / 64]

[Stage 81:=====================================================>  (61 + 3) / 64]

[Stage 81:======================================================> (62 + 2) / 64]

[Stage 81:=======================================================>(63 + 1) / 64]

                                                                                
CHECKPOINT stage=clean event=write_tmp_start row_count=155 tmp_path=/app/output/uploads/fe5f8976bdb7409690a3d6420a36694d/checkpoints/20_clean_tmp_1774929194697_82f232b2

[Stage 85:>                                                         (0 + 1) / 1]

[Stage 85:>                 (0 + 1) / 1][Stage 86:>                 (0 + 0) / 1]

[Stage 85:>   (0 + 1) / 1][Stage 86:>   (0 + 0) / 1][Stage 87:>   (0 + 0) / 1]

[Stage 85:>   (0 + 1) / 1][Stage 86:>   (0 + 1) / 1][Stage 87:>   (0 + 0) / 1]

                                                                                

[Stage 85:>   (0 + 1) / 1][Stage 94:>   (0 + 1) / 1][Stage 95:>   (0 + 1) / 1]

[Stage 85:>                                                         (0 + 1) / 1]

                                                                                

[Stage 100:>  (0 + 1) / 1][Stage 101:>  (0 + 1) / 1][Stage 112:>  (0 + 1) / 1]

[Stage 100:>  (0 + 1) / 1][Stage 101:===(1 + 0) / 1][Stage 112:>  (0 + 1) / 1]

[Stage 112:>                                                        (0 + 1) / 1]

[Stage 117:>  (0 + 2) / 2][Stage 119:>  (0 + 2) / 2][Stage 121:>  (0 + 2) / 2]

[Stage 117:=> (1 + 1) / 2][Stage 119:>  (0 + 2) / 2][Stage 121:>  (0 + 2) / 2]

                                                                                

[Stage 129:>                                                        (0 + 1) / 1]

[Stage 129:>  (0 + 1) / 1][Stage 131:>  (0 + 1) / 1][Stage 133:>  (0 + 0) / 2]

                                                                                

[Stage 129:>                                                        (0 + 1) / 1]

                                                                                

[Stage 146:>                                                        (0 + 1) / 1]
26/03/31 03:53:52 WARN DAGScheduler: Broadcasting large task binary with size 3.0 MiB

[Stage 146:>                (0 + 1) / 1][Stage 147:>                (0 + 2) / 8]

[Stage 146:>                (0 + 1) / 1][Stage 147:>                (0 + 8) / 8]

                                                                                

[Stage 147:>                                                        (0 + 8) / 8]

[Stage 147:>                (0 + 8) / 8][Stage 148:>                (0 + 0) / 8]

[Stage 148:>                                                        (0 + 8) / 8]
----------------------------------------
Exception occurred during processing of request from ('127.0.0.1', 48784)
Traceback (most recent call last):
  File "/usr/local/lib/python3.11/socketserver.py", line 317, in _handle_request_noblock
    self.process_request(request, client_address)
  File "/usr/local/lib/python3.11/socketserver.py", line 348, in process_request
    self.finish_request(request, client_address)
  File "/usr/local/lib/python3.11/socketserver.py", line 361, in finish_request
    self.RequestHandlerClass(request, client_address, self)
  File "/usr/local/lib/python3.11/socketserver.py", line 755, in __init__
    self.handle()
  File "/usr/local/lib/python3.11/site-packages/pyspark/accumulators.py", line 299, in handle
    poll(accum_updates)
  File "/usr/local/lib/python3.11/site-packages/pyspark/accumulators.py", line 271, in poll
    if self.rfile in r and func():
                           ^^^^^^
  File "/usr/local/lib/python3.11/site-packages/pyspark/accumulators.py", line 275, in accum_updates
    num_updates = read_int(self.rfile)
                  ^^^^^^^^^^^^^^^^^^^^
  File "/usr/local/lib/python3.11/site-packages/pyspark/serializers.py", line 597, in read_int
    raise EOFError
EOFError
Traceback (most recent call last):
  File "/usr/local/lib/python3.11/site-packages/py4j/java_gateway.py", line 1038, in send_command
----------------------------------------
    response = connection.send_command(command)
               ^^^^^^^^^^^^^^^^^^^^^^^^^^^^^^^^
  File "/usr/local/lib/python3.11/site-packages/py4j/clientserver.py", line 540, in send_command
    raise Py4JNetworkError(
py4j.protocol.Py4JNetworkError: Answer from Java side is empty

During handling of the above exception, another exception occurred:

Traceback (most recent call last):
  File "/app/etl/pipeline.py", line 630, in main
    clean_count = _write_stage_df(
                  ^^^^^^^^^^^^^^^^
  File "/app/etl/pipeline.py", line 218, in _write_stage_df
    load_parquet(df, tmp_path, mode="overwrite")
  File "/app/etl/load.py", line 20, in load_parquet
    writer.parquet(output_path)
  File "/usr/local/lib/python3.11/site-packages/pyspark/sql/readwriter.py", line 2003, in parquet
    self._jwrite.parquet(path)
  File "/usr/local/lib/python3.11/site-packages/py4j/java_gateway.py", line 1361, in __call__
    answer = self.gateway_client.send_command(command)
             ^^^^^^^^^^^^^^^^^^^^^^^^^^^^^^^^^^^^^^^^^
  File "/usr/local/lib/python3.11/site-packages/py4j/java_gateway.py", line 1057, in send_command
    response = self.send_command(command, retry, binary=binary)
               ^^^^^^^^^^^^^^^^^^^^^^^^^^^^^^^^^^^^^^^^^^^^^^^^
  File "/usr/local/lib/python3.11/site-packages/py4j/java_gateway.py", line 1036, in send_command
    connection = self._get_connection()
                 ^^^^^^^^^^^^^^^^^^^^^^
  File "/usr/local/lib/python3.11/site-packages/py4j/clientserver.py", line 284, in _get_connection
    connection = self._create_new_connection()
                 ^^^^^^^^^^^^^^^^^^^^^^^^^^^^^
  File "/usr/local/lib/python3.11/site-packages/py4j/clientserver.py", line 291, in _create_new_connection
    connection.connect_to_java_server()
  File "/usr/local/lib/python3.11/site-packages/py4j/clientserver.py", line 438, in connect_to_java_server
    self.socket.connect((self.java_address, self.java_port))
ConnectionRefusedError: [Errno 111] Connection refused

During handling of the above exception, another exception occurred:

Traceback (most recent call last):
  File "/app/pipeline.py", line 5, in <module>
    main()
  File "/app/etl/pipeline.py", line 918, in main
    spark.stop()
  File "/usr/local/lib/python3.11/site-packages/pyspark/sql/session.py", line 2023, in stop
    self._sc.stop()
  File "/usr/local/lib/python3.11/site-packages/pyspark/core/context.py", line 684, in stop
    self._jsc.stop()
  File "/usr/local/lib/python3.11/site-packages/py4j/java_gateway.py", line 1361, in __call__
    answer = self.gateway_client.send_command(command)
             ^^^^^^^^^^^^^^^^^^^^^^^^^^^^^^^^^^^^^^^^^
  File "/usr/local/lib/python3.11/site-packages/py4j/java_gateway.py", line 1036, in send_command
    connection = self._get_connection()
                 ^^^^^^^^^^^^^^^^^^^^^^
  File "/usr/local/lib/python3.11/site-packages/py4j/clientserver.py", line 284, in _get_connection
    connection = self._create_new_connection()
                 ^^^^^^^^^^^^^^^^^^^^^^^^^^^^^
  File "/usr/local/lib/python3.11/site-packages/py4j/clientserver.py", line 291, in _create_new_connection
    connection.connect_to_java_server()
  File "/usr/local/lib/python3.11/site-packages/py4j/clientserver.py", line 438, in connect_to_java_server
    self.socket.connect((self.java_address, self.java_port))
ConnectionRefusedError: [Errno 111] Connection refused
[2026-03-31T03:54:31.112610+00:00] end job=fe5f8976bdb7409690a3d6420a36694d exit_code=1
